{"D:\\spomen\\api\\src\\account\\account.controller.ts": {"path":"D:\\spomen\\api\\src\\account\\account.controller.ts","statementMap":{"0":{"start":{"line":1,"column":0},"end":{"line":1,"column":null}},"1":{"start":{"line":11,"column":0},"end":{"line":11,"column":50}},"2":{"start":{"line":13,"column":0},"end":{"line":13,"column":34}},"3":{"start":{"line":16,"column":0},"end":{"line":16,"column":50}},"4":{"start":{"line":19,"column":0},"end":{"line":19,"column":42}},"5":{"start":{"line":20,"column":0},"end":{"line":20,"column":42}},"6":{"start":{"line":24,"column":0},"end":{"line":24,"column":48}},"7":{"start":{"line":27,"column":0},"end":{"line":27,"column":57}},"8":{"start":{"line":28,"column":0},"end":{"line":28,"column":57}},"9":{"start":{"line":34,"column":7},"end":{"line":115,"column":null}},"10":{"start":{"line":39,"column":31},"end":{"line":39,"column":40}},"11":{"start":{"line":54,"column":25},"end":{"line":54,"column":28}},"12":{"start":{"line":56,"column":4},"end":{"line":62,"column":5}},"13":{"start":{"line":59,"column":33},"end":{"line":59,"column":57}},"14":{"start":{"line":61,"column":6},"end":{"line":61,"column":null}},"15":{"start":{"line":64,"column":27},"end":{"line":72,"column":null}},"16":{"start":{"line":75,"column":4},"end":{"line":75,"column":null}},"17":{"start":{"line":90,"column":4},"end":{"line":96,"column":5}},"18":{"start":{"line":93,"column":33},"end":{"line":93,"column":57}},"19":{"start":{"line":95,"column":6},"end":{"line":95,"column":null}},"20":{"start":{"line":98,"column":26},"end":{"line":98,"column":67}},"21":{"start":{"line":100,"column":4},"end":{"line":100,"column":null}},"22":{"start":{"line":109,"column":4},"end":{"line":111,"column":5}},"23":{"start":{"line":110,"column":6},"end":{"line":110,"column":null}},"24":{"start":{"line":113,"column":4},"end":{"line":113,"column":null}},"25":{"start":{"line":34,"column":13},"end":{"line":34,"column":30}},"26":{"start":{"line":50,"column":8},"end":{"line":76,"column":null}},"27":{"start":{"line":86,"column":8},"end":{"line":101,"column":null}},"28":{"start":{"line":34,"column":13},"end":{"line":115,"column":null}}},"fnMap":{"0":{"name":"(anonymous_4)","decl":{"start":{"line":39,"column":2},"end":{"line":39,"column":31}},"loc":{"start":{"line":39,"column":54},"end":{"line":39,"column":58}}},"1":{"name":"(anonymous_5)","decl":{"start":{"line":50,"column":2},"end":{"line":50,"column":7}},"loc":{"start":{"line":52,"column":38},"end":{"line":76,"column":3}}},"2":{"name":"(anonymous_6)","decl":{"start":{"line":59,"column":23},"end":{"line":59,"column":24}},"loc":{"start":{"line":59,"column":33},"end":{"line":59,"column":57}}},"3":{"name":"(anonymous_7)","decl":{"start":{"line":86,"column":2},"end":{"line":86,"column":7}},"loc":{"start":{"line":88,"column":38},"end":{"line":101,"column":3}}},"4":{"name":"(anonymous_8)","decl":{"start":{"line":93,"column":23},"end":{"line":93,"column":24}},"loc":{"start":{"line":93,"column":33},"end":{"line":93,"column":57}}},"5":{"name":"(anonymous_9)","decl":{"start":{"line":108,"column":10},"end":{"line":108,"column":20}},"loc":{"start":{"line":108,"column":42},"end":{"line":114,"column":3}}}},"branchMap":{"0":{"loc":{"start":{"line":56,"column":4},"end":{"line":62,"column":5}},"type":"if","locations":[{"start":{"line":56,"column":4},"end":{"line":62,"column":5}}]},"1":{"loc":{"start":{"line":57,"column":6},"end":{"line":59,"column":58}},"type":"binary-expr","locations":[{"start":{"line":57,"column":6},"end":{"line":57,"column":8}},{"start":{"line":58,"column":6},"end":{"line":58,"column":20}},{"start":{"line":59,"column":6},"end":{"line":59,"column":58}}]},"2":{"loc":{"start":{"line":67,"column":13},"end":{"line":67,"column":48}},"type":"binary-expr","locations":[{"start":{"line":67,"column":13},"end":{"line":67,"column":42}},{"start":{"line":67,"column":46},"end":{"line":67,"column":48}}]},"3":{"loc":{"start":{"line":90,"column":4},"end":{"line":96,"column":5}},"type":"if","locations":[{"start":{"line":90,"column":4},"end":{"line":96,"column":5}}]},"4":{"loc":{"start":{"line":91,"column":6},"end":{"line":93,"column":58}},"type":"binary-expr","locations":[{"start":{"line":91,"column":6},"end":{"line":91,"column":8}},{"start":{"line":92,"column":6},"end":{"line":92,"column":20}},{"start":{"line":93,"column":6},"end":{"line":93,"column":58}}]},"5":{"loc":{"start":{"line":109,"column":4},"end":{"line":111,"column":5}},"type":"if","locations":[{"start":{"line":109,"column":4},"end":{"line":111,"column":5}}]}},"s":{"0":1,"1":1,"2":1,"3":1,"4":1,"5":1,"6":1,"7":1,"8":1,"9":1,"10":0,"11":0,"12":0,"13":0,"14":0,"15":0,"16":0,"17":0,"18":0,"19":0,"20":0,"21":0,"22":0,"23":0,"24":0,"25":1,"26":1,"27":1,"28":1},"f":{"0":0,"1":0,"2":0,"3":0,"4":0,"5":0},"b":{"0":[0],"1":[0,0,0],"2":[0,0],"3":[0],"4":[0,0,0],"5":[0]}}
,"D:\\spomen\\api\\src\\account\\account.repository.ts": {"path":"D:\\spomen\\api\\src\\account\\account.repository.ts","statementMap":{"0":{"start":{"line":2,"column":0},"end":{"line":2,"column":45}},"1":{"start":{"line":3,"column":0},"end":{"line":3,"column":43}},"2":{"start":{"line":22,"column":7},"end":{"line":122,"column":null}},"3":{"start":{"line":27,"column":31},"end":{"line":27,"column":39}},"4":{"start":{"line":34,"column":4},"end":{"line":34,"column":null}},"5":{"start":{"line":47,"column":27},"end":{"line":47,"column":31}},"6":{"start":{"line":49,"column":4},"end":{"line":67,"column":null}},"7":{"start":{"line":82,"column":4},"end":{"line":82,"column":null}},"8":{"start":{"line":91,"column":4},"end":{"line":91,"column":null}},"9":{"start":{"line":100,"column":4},"end":{"line":100,"column":null}},"10":{"start":{"line":109,"column":4},"end":{"line":109,"column":null}},"11":{"start":{"line":120,"column":4},"end":{"line":120,"column":null}},"12":{"start":{"line":22,"column":13},"end":{"line":22,"column":30}},"13":{"start":{"line":22,"column":13},"end":{"line":122,"column":null}}},"fnMap":{"0":{"name":"(anonymous_2)","decl":{"start":{"line":27,"column":2},"end":{"line":27,"column":31}},"loc":{"start":{"line":27,"column":52},"end":{"line":28,"column":3}}},"1":{"name":"(anonymous_3)","decl":{"start":{"line":33,"column":2},"end":{"line":33,"column":6}},"loc":{"start":{"line":33,"column":11},"end":{"line":35,"column":3}}},"2":{"name":"(anonymous_4)","decl":{"start":{"line":43,"column":2},"end":{"line":43,"column":7}},"loc":{"start":{"line":45,"column":27},"end":{"line":68,"column":3}}},"3":{"name":"(anonymous_5)","decl":{"start":{"line":75,"column":2},"end":{"line":75,"column":7}},"loc":{"start":{"line":80,"column":5},"end":{"line":83,"column":3}}},"4":{"name":"(anonymous_6)","decl":{"start":{"line":90,"column":2},"end":{"line":90,"column":7}},"loc":{"start":{"line":90,"column":41},"end":{"line":92,"column":3}}},"5":{"name":"(anonymous_7)","decl":{"start":{"line":99,"column":2},"end":{"line":99,"column":7}},"loc":{"start":{"line":99,"column":41},"end":{"line":101,"column":3}}},"6":{"name":"(anonymous_8)","decl":{"start":{"line":108,"column":2},"end":{"line":108,"column":7}},"loc":{"start":{"line":108,"column":41},"end":{"line":110,"column":3}}},"7":{"name":"(anonymous_9)","decl":{"start":{"line":117,"column":2},"end":{"line":117,"column":7}},"loc":{"start":{"line":118,"column":45},"end":{"line":121,"column":3}}}},"branchMap":{"0":{"loc":{"start":{"line":50,"column":13},"end":{"line":58,"column":19}},"type":"cond-expr","locations":[{"start":{"line":50,"column":23},"end":{"line":58,"column":8}},{"start":{"line":58,"column":10},"end":{"line":58,"column":19}}]},"1":{"loc":{"start":{"line":51,"column":18},"end":{"line":51,"column":65}},"type":"cond-expr","locations":[{"start":{"line":51,"column":37},"end":{"line":51,"column":53}},{"start":{"line":51,"column":56},"end":{"line":51,"column":65}}]},"2":{"loc":{"start":{"line":52,"column":15},"end":{"line":52,"column":56}},"type":"cond-expr","locations":[{"start":{"line":52,"column":31},"end":{"line":52,"column":44}},{"start":{"line":52,"column":47},"end":{"line":52,"column":56}}]},"3":{"loc":{"start":{"line":53,"column":20},"end":{"line":53,"column":71}},"type":"cond-expr","locations":[{"start":{"line":53,"column":41},"end":{"line":53,"column":59}},{"start":{"line":53,"column":62},"end":{"line":53,"column":71}}]},"4":{"loc":{"start":{"line":54,"column":19},"end":{"line":54,"column":68}},"type":"cond-expr","locations":[{"start":{"line":54,"column":39},"end":{"line":54,"column":56}},{"start":{"line":54,"column":59},"end":{"line":54,"column":68}}]},"5":{"loc":{"start":{"line":55,"column":18},"end":{"line":55,"column":65}},"type":"cond-expr","locations":[{"start":{"line":55,"column":37},"end":{"line":55,"column":53}},{"start":{"line":55,"column":56},"end":{"line":55,"column":65}}]},"6":{"loc":{"start":{"line":56,"column":15},"end":{"line":56,"column":56}},"type":"cond-expr","locations":[{"start":{"line":56,"column":31},"end":{"line":56,"column":44}},{"start":{"line":56,"column":47},"end":{"line":56,"column":56}}]},"7":{"loc":{"start":{"line":57,"column":13},"end":{"line":57,"column":50}},"type":"cond-expr","locations":[{"start":{"line":57,"column":27},"end":{"line":57,"column":38}},{"start":{"line":57,"column":41},"end":{"line":57,"column":50}}]}},"s":{"0":6,"1":6,"2":6,"3":2,"4":0,"5":0,"6":0,"7":1,"8":2,"9":2,"10":0,"11":0,"12":6,"13":6},"f":{"0":2,"1":0,"2":0,"3":1,"4":2,"5":2,"6":0,"7":0},"b":{"0":[0,0],"1":[0,0],"2":[0,0],"3":[0,0],"4":[0,0],"5":[0,0],"6":[0,0],"7":[0,0]}}
,"D:\\spomen\\api\\src\\account\\account.resolver.ts": {"path":"D:\\spomen\\api\\src\\account\\account.resolver.ts","statementMap":{"0":{"start":{"line":1,"column":0},"end":{"line":1,"column":65}},"1":{"start":{"line":2,"column":0},"end":{"line":2,"column":46}},"2":{"start":{"line":4,"column":0},"end":{"line":4,"column":null}},"3":{"start":{"line":12,"column":0},"end":{"line":12,"column":49}},"4":{"start":{"line":13,"column":0},"end":{"line":13,"column":49}},"5":{"start":{"line":16,"column":0},"end":{"line":16,"column":50}},"6":{"start":{"line":20,"column":0},"end":{"line":20,"column":48}},"7":{"start":{"line":26,"column":7},"end":{"line":124,"column":null}},"8":{"start":{"line":31,"column":31},"end":{"line":31,"column":40}},"9":{"start":{"line":45,"column":20},"end":{"line":45,"column":56}},"10":{"start":{"line":47,"column":4},"end":{"line":47,"column":null}},"11":{"start":{"line":68,"column":21},"end":{"line":68,"column":76}},"12":{"start":{"line":70,"column":4},"end":{"line":70,"column":null}},"13":{"start":{"line":89,"column":27},"end":{"line":89,"column":78}},"14":{"start":{"line":91,"column":4},"end":{"line":91,"column":null}},"15":{"start":{"line":107,"column":27},"end":{"line":107,"column":72}},"16":{"start":{"line":109,"column":4},"end":{"line":109,"column":null}},"17":{"start":{"line":118,"column":4},"end":{"line":120,"column":5}},"18":{"start":{"line":119,"column":6},"end":{"line":119,"column":null}},"19":{"start":{"line":122,"column":4},"end":{"line":122,"column":null}},"20":{"start":{"line":26,"column":13},"end":{"line":26,"column":28}},"21":{"start":{"line":41,"column":8},"end":{"line":48,"column":null}},"22":{"start":{"line":40,"column":15},"end":{"line":40,"column":22}},"23":{"start":{"line":42,"column":33},"end":{"line":42,"column":56}},"24":{"start":{"line":59,"column":8},"end":{"line":71,"column":null}},"25":{"start":{"line":58,"column":15},"end":{"line":58,"column":24}},"26":{"start":{"line":60,"column":32},"end":{"line":60,"column":38}},"27":{"start":{"line":61,"column":32},"end":{"line":61,"column":38}},"28":{"start":{"line":63,"column":18},"end":{"line":63,"column":35}},"29":{"start":{"line":82,"column":8},"end":{"line":92,"column":null}},"30":{"start":{"line":81,"column":18},"end":{"line":81,"column":25}},"31":{"start":{"line":83,"column":32},"end":{"line":83,"column":50}},"32":{"start":{"line":85,"column":33},"end":{"line":85,"column":56}},"33":{"start":{"line":102,"column":8},"end":{"line":110,"column":null}},"34":{"start":{"line":101,"column":18},"end":{"line":101,"column":25}},"35":{"start":{"line":103,"column":33},"end":{"line":103,"column":56}},"36":{"start":{"line":26,"column":13},"end":{"line":124,"column":null}},"37":{"start":{"line":25,"column":16},"end":{"line":25,"column":23}}},"fnMap":{"0":{"name":"(anonymous_4)","decl":{"start":{"line":31,"column":2},"end":{"line":31,"column":31}},"loc":{"start":{"line":31,"column":54},"end":{"line":32,"column":3}}},"1":{"name":"(anonymous_5)","decl":{"start":{"line":41,"column":2},"end":{"line":41,"column":7}},"loc":{"start":{"line":43,"column":36},"end":{"line":48,"column":3}}},"2":{"name":"(anonymous_6)","decl":{"start":{"line":59,"column":2},"end":{"line":59,"column":7}},"loc":{"start":{"line":66,"column":32},"end":{"line":71,"column":3}}},"3":{"name":"(anonymous_7)","decl":{"start":{"line":82,"column":2},"end":{"line":82,"column":7}},"loc":{"start":{"line":87,"column":41},"end":{"line":92,"column":3}}},"4":{"name":"(anonymous_8)","decl":{"start":{"line":102,"column":2},"end":{"line":102,"column":7}},"loc":{"start":{"line":105,"column":41},"end":{"line":110,"column":3}}},"5":{"name":"(anonymous_9)","decl":{"start":{"line":117,"column":10},"end":{"line":117,"column":20}},"loc":{"start":{"line":117,"column":42},"end":{"line":123,"column":3}}},"6":{"name":"(anonymous_10)","decl":{"start":{"line":40,"column":9},"end":{"line":40,"column":12}},"loc":{"start":{"line":40,"column":15},"end":{"line":40,"column":22}}},"7":{"name":"(anonymous_11)","decl":{"start":{"line":42,"column":27},"end":{"line":42,"column":30}},"loc":{"start":{"line":42,"column":33},"end":{"line":42,"column":56}}},"8":{"name":"(anonymous_12)","decl":{"start":{"line":58,"column":9},"end":{"line":58,"column":12}},"loc":{"start":{"line":58,"column":15},"end":{"line":58,"column":24}}},"9":{"name":"(anonymous_13)","decl":{"start":{"line":60,"column":26},"end":{"line":60,"column":29}},"loc":{"start":{"line":60,"column":32},"end":{"line":60,"column":38}}},"10":{"name":"(anonymous_14)","decl":{"start":{"line":61,"column":26},"end":{"line":61,"column":29}},"loc":{"start":{"line":61,"column":32},"end":{"line":61,"column":38}}},"11":{"name":"(anonymous_15)","decl":{"start":{"line":63,"column":12},"end":{"line":63,"column":15}},"loc":{"start":{"line":63,"column":18},"end":{"line":63,"column":35}}},"12":{"name":"(anonymous_16)","decl":{"start":{"line":81,"column":12},"end":{"line":81,"column":15}},"loc":{"start":{"line":81,"column":18},"end":{"line":81,"column":25}}},"13":{"name":"(anonymous_17)","decl":{"start":{"line":83,"column":26},"end":{"line":83,"column":29}},"loc":{"start":{"line":83,"column":32},"end":{"line":83,"column":50}}},"14":{"name":"(anonymous_18)","decl":{"start":{"line":85,"column":27},"end":{"line":85,"column":30}},"loc":{"start":{"line":85,"column":33},"end":{"line":85,"column":56}}},"15":{"name":"(anonymous_19)","decl":{"start":{"line":101,"column":12},"end":{"line":101,"column":15}},"loc":{"start":{"line":101,"column":18},"end":{"line":101,"column":25}}},"16":{"name":"(anonymous_20)","decl":{"start":{"line":103,"column":27},"end":{"line":103,"column":30}},"loc":{"start":{"line":103,"column":33},"end":{"line":103,"column":56}}},"17":{"name":"(anonymous_21)","decl":{"start":{"line":25,"column":10},"end":{"line":25,"column":13}},"loc":{"start":{"line":25,"column":16},"end":{"line":25,"column":23}}}},"branchMap":{"0":{"loc":{"start":{"line":118,"column":4},"end":{"line":120,"column":5}},"type":"if","locations":[{"start":{"line":118,"column":4},"end":{"line":120,"column":5}}]}},"s":{"0":0,"1":0,"2":0,"3":0,"4":0,"5":0,"6":0,"7":0,"8":0,"9":0,"10":0,"11":0,"12":0,"13":0,"14":0,"15":0,"16":0,"17":0,"18":0,"19":0,"20":0,"21":0,"22":0,"23":0,"24":0,"25":0,"26":0,"27":0,"28":0,"29":0,"30":0,"31":0,"32":0,"33":0,"34":0,"35":0,"36":0,"37":0},"f":{"0":0,"1":0,"2":0,"3":0,"4":0,"5":0,"6":0,"7":0,"8":0,"9":0,"10":0,"11":0,"12":0,"13":0,"14":0,"15":0,"16":0,"17":0},"b":{"0":[0]}}
,"D:\\spomen\\api\\src\\account\\account.service.ts": {"path":"D:\\spomen\\api\\src\\account\\account.service.ts","statementMap":{"0":{"start":{"line":1,"column":0},"end":{"line":1,"column":55}},"1":{"start":{"line":2,"column":0},"end":{"line":2,"column":51}},"2":{"start":{"line":12,"column":0},"end":{"line":12,"column":55}},"3":{"start":{"line":15,"column":0},"end":{"line":15,"column":56}},"4":{"start":{"line":18,"column":0},"end":{"line":18,"column":39}},"5":{"start":{"line":22,"column":0},"end":{"line":22,"column":48}},"6":{"start":{"line":26,"column":0},"end":{"line":26,"column":40}},"7":{"start":{"line":36,"column":7},"end":{"line":280,"column":null}},"8":{"start":{"line":43,"column":21},"end":{"line":43,"column":27}},"9":{"start":{"line":44,"column":21},"end":{"line":44,"column":29}},"10":{"start":{"line":56,"column":4},"end":{"line":71,"column":5}},"11":{"start":{"line":57,"column":22},"end":{"line":63,"column":8}},"12":{"start":{"line":65,"column":6},"end":{"line":66,"column":null}},"13":{"start":{"line":66,"column":8},"end":{"line":66,"column":null}},"14":{"start":{"line":68,"column":6},"end":{"line":68,"column":null}},"15":{"start":{"line":70,"column":6},"end":{"line":70,"column":null}},"16":{"start":{"line":85,"column":4},"end":{"line":92,"column":5}},"17":{"start":{"line":86,"column":6},"end":{"line":89,"column":null}},"18":{"start":{"line":91,"column":6},"end":{"line":91,"column":null}},"19":{"start":{"line":101,"column":4},"end":{"line":105,"column":5}},"20":{"start":{"line":102,"column":6},"end":{"line":102,"column":null}},"21":{"start":{"line":104,"column":6},"end":{"line":104,"column":null}},"22":{"start":{"line":120,"column":4},"end":{"line":128,"column":5}},"23":{"start":{"line":121,"column":6},"end":{"line":123,"column":7}},"24":{"start":{"line":122,"column":8},"end":{"line":122,"column":null}},"25":{"start":{"line":125,"column":6},"end":{"line":127,"column":7}},"26":{"start":{"line":126,"column":8},"end":{"line":126,"column":null}},"27":{"start":{"line":130,"column":4},"end":{"line":137,"column":5}},"28":{"start":{"line":131,"column":6},"end":{"line":134,"column":null}},"29":{"start":{"line":136,"column":6},"end":{"line":136,"column":null}},"30":{"start":{"line":150,"column":4},"end":{"line":154,"column":5}},"31":{"start":{"line":151,"column":6},"end":{"line":153,"column":7}},"32":{"start":{"line":152,"column":8},"end":{"line":152,"column":null}},"33":{"start":{"line":156,"column":4},"end":{"line":162,"column":5}},"34":{"start":{"line":157,"column":6},"end":{"line":159,"column":null}},"35":{"start":{"line":161,"column":6},"end":{"line":161,"column":null}},"36":{"start":{"line":177,"column":4},"end":{"line":190,"column":5}},"37":{"start":{"line":178,"column":28},"end":{"line":178,"column":64}},"38":{"start":{"line":180,"column":6},"end":{"line":182,"column":7}},"39":{"start":{"line":181,"column":8},"end":{"line":181,"column":null}},"40":{"start":{"line":185,"column":6},"end":{"line":187,"column":7}},"41":{"start":{"line":186,"column":8},"end":{"line":186,"column":null}},"42":{"start":{"line":188,"column":11},"end":{"line":190,"column":5}},"43":{"start":{"line":189,"column":6},"end":{"line":189,"column":null}},"44":{"start":{"line":192,"column":23},"end":{"line":198,"column":6}},"45":{"start":{"line":200,"column":4},"end":{"line":202,"column":5}},"46":{"start":{"line":201,"column":6},"end":{"line":201,"column":null}},"47":{"start":{"line":204,"column":4},"end":{"line":222,"column":5}},"48":{"start":{"line":205,"column":6},"end":{"line":216,"column":null}},"49":{"start":{"line":219,"column":6},"end":{"line":219,"column":null}},"50":{"start":{"line":221,"column":6},"end":{"line":221,"column":null}},"51":{"start":{"line":224,"column":4},"end":{"line":224,"column":null}},"52":{"start":{"line":237,"column":38},"end":{"line":237,"column":57}},"53":{"start":{"line":239,"column":4},"end":{"line":249,"column":5}},"54":{"start":{"line":240,"column":28},"end":{"line":240,"column":64}},"55":{"start":{"line":242,"column":6},"end":{"line":244,"column":7}},"56":{"start":{"line":243,"column":8},"end":{"line":243,"column":null}},"57":{"start":{"line":246,"column":6},"end":{"line":248,"column":7}},"58":{"start":{"line":247,"column":8},"end":{"line":247,"column":null}},"59":{"start":{"line":251,"column":4},"end":{"line":253,"column":5}},"60":{"start":{"line":252,"column":6},"end":{"line":252,"column":null}},"61":{"start":{"line":255,"column":4},"end":{"line":255,"column":null}},"62":{"start":{"line":264,"column":20},"end":{"line":271,"column":6}},"63":{"start":{"line":274,"column":4},"end":{"line":276,"column":5}},"64":{"start":{"line":275,"column":6},"end":{"line":275,"column":null}},"65":{"start":{"line":278,"column":4},"end":{"line":278,"column":null}},"66":{"start":{"line":36,"column":13},"end":{"line":36,"column":27}},"67":{"start":{"line":36,"column":13},"end":{"line":280,"column":null}}},"fnMap":{"0":{"name":"(anonymous_2)","decl":{"start":{"line":42,"column":2},"end":{"line":42,"column":null}},"loc":{"start":{"line":44,"column":42},"end":{"line":46,"column":3}}},"1":{"name":"(anonymous_3)","decl":{"start":{"line":53,"column":2},"end":{"line":53,"column":7}},"loc":{"start":{"line":54,"column":34},"end":{"line":72,"column":3}}},"2":{"name":"(anonymous_4)","decl":{"start":{"line":79,"column":2},"end":{"line":79,"column":7}},"loc":{"start":{"line":83,"column":37},"end":{"line":93,"column":3}}},"3":{"name":"(anonymous_5)","decl":{"start":{"line":100,"column":2},"end":{"line":100,"column":7}},"loc":{"start":{"line":100,"column":47},"end":{"line":106,"column":3}}},"4":{"name":"(anonymous_6)","decl":{"start":{"line":115,"column":2},"end":{"line":115,"column":7}},"loc":{"start":{"line":118,"column":28},"end":{"line":138,"column":3}}},"5":{"name":"(anonymous_7)","decl":{"start":{"line":146,"column":2},"end":{"line":146,"column":7}},"loc":{"start":{"line":148,"column":27},"end":{"line":163,"column":3}}},"6":{"name":"(anonymous_8)","decl":{"start":{"line":172,"column":2},"end":{"line":172,"column":7}},"loc":{"start":{"line":175,"column":21},"end":{"line":225,"column":3}}},"7":{"name":"(anonymous_9)","decl":{"start":{"line":233,"column":2},"end":{"line":233,"column":7}},"loc":{"start":{"line":235,"column":21},"end":{"line":256,"column":3}}},"8":{"name":"(anonymous_10)","decl":{"start":{"line":263,"column":2},"end":{"line":263,"column":7}},"loc":{"start":{"line":263,"column":34},"end":{"line":279,"column":3}}}},"branchMap":{"0":{"loc":{"start":{"line":65,"column":6},"end":{"line":66,"column":null}},"type":"if","locations":[{"start":{"line":65,"column":6},"end":{"line":66,"column":null}}]},"1":{"loc":{"start":{"line":120,"column":4},"end":{"line":128,"column":5}},"type":"if","locations":[{"start":{"line":120,"column":4},"end":{"line":128,"column":5}}]},"2":{"loc":{"start":{"line":120,"column":8},"end":{"line":120,"column":53}},"type":"binary-expr","locations":[{"start":{"line":120,"column":8},"end":{"line":120,"column":12}},{"start":{"line":120,"column":16},"end":{"line":120,"column":53}}]},"3":{"loc":{"start":{"line":121,"column":6},"end":{"line":123,"column":7}},"type":"if","locations":[{"start":{"line":121,"column":6},"end":{"line":123,"column":7}}]},"4":{"loc":{"start":{"line":121,"column":10},"end":{"line":121,"column":42}},"type":"binary-expr","locations":[{"start":{"line":121,"column":10},"end":{"line":121,"column":18}},{"start":{"line":121,"column":22},"end":{"line":121,"column":42}}]},"5":{"loc":{"start":{"line":125,"column":6},"end":{"line":127,"column":7}},"type":"if","locations":[{"start":{"line":125,"column":6},"end":{"line":127,"column":7}}]},"6":{"loc":{"start":{"line":125,"column":10},"end":{"line":125,"column":60}},"type":"binary-expr","locations":[{"start":{"line":125,"column":10},"end":{"line":125,"column":24}},{"start":{"line":125,"column":28},"end":{"line":125,"column":60}}]},"7":{"loc":{"start":{"line":150,"column":4},"end":{"line":154,"column":5}},"type":"if","locations":[{"start":{"line":150,"column":4},"end":{"line":154,"column":5}}]},"8":{"loc":{"start":{"line":151,"column":6},"end":{"line":153,"column":7}},"type":"if","locations":[{"start":{"line":151,"column":6},"end":{"line":153,"column":7}}]},"9":{"loc":{"start":{"line":151,"column":10},"end":{"line":151,"column":42}},"type":"binary-expr","locations":[{"start":{"line":151,"column":10},"end":{"line":151,"column":18}},{"start":{"line":151,"column":22},"end":{"line":151,"column":42}}]},"10":{"loc":{"start":{"line":177,"column":4},"end":{"line":190,"column":5}},"type":"if","locations":[{"start":{"line":177,"column":4},"end":{"line":190,"column":5}},{"start":{"line":188,"column":11},"end":{"line":190,"column":5}}]},"11":{"loc":{"start":{"line":180,"column":6},"end":{"line":182,"column":7}},"type":"if","locations":[{"start":{"line":180,"column":6},"end":{"line":182,"column":7}}]},"12":{"loc":{"start":{"line":185,"column":6},"end":{"line":187,"column":7}},"type":"if","locations":[{"start":{"line":185,"column":6},"end":{"line":187,"column":7}}]},"13":{"loc":{"start":{"line":185,"column":10},"end":{"line":185,"column":47}},"type":"binary-expr","locations":[{"start":{"line":185,"column":10},"end":{"line":185,"column":23}},{"start":{"line":185,"column":27},"end":{"line":185,"column":47}}]},"14":{"loc":{"start":{"line":188,"column":11},"end":{"line":190,"column":5}},"type":"if","locations":[{"start":{"line":188,"column":11},"end":{"line":190,"column":5}}]},"15":{"loc":{"start":{"line":200,"column":4},"end":{"line":202,"column":5}},"type":"if","locations":[{"start":{"line":200,"column":4},"end":{"line":202,"column":5}}]},"16":{"loc":{"start":{"line":214,"column":14},"end":{"line":214,"column":33}},"type":"binary-expr","locations":[{"start":{"line":214,"column":14},"end":{"line":214,"column":22}},{"start":{"line":214,"column":26},"end":{"line":214,"column":33}}]},"17":{"loc":{"start":{"line":237,"column":38},"end":{"line":237,"column":57}},"type":"binary-expr","locations":[{"start":{"line":237,"column":38},"end":{"line":237,"column":49}},{"start":{"line":237,"column":53},"end":{"line":237,"column":57}}]},"18":{"loc":{"start":{"line":239,"column":4},"end":{"line":249,"column":5}},"type":"if","locations":[{"start":{"line":239,"column":4},"end":{"line":249,"column":5}}]},"19":{"loc":{"start":{"line":242,"column":6},"end":{"line":244,"column":7}},"type":"if","locations":[{"start":{"line":242,"column":6},"end":{"line":244,"column":7}}]},"20":{"loc":{"start":{"line":246,"column":6},"end":{"line":248,"column":7}},"type":"if","locations":[{"start":{"line":246,"column":6},"end":{"line":248,"column":7}}]},"21":{"loc":{"start":{"line":251,"column":4},"end":{"line":253,"column":5}},"type":"if","locations":[{"start":{"line":251,"column":4},"end":{"line":253,"column":5}}]},"22":{"loc":{"start":{"line":274,"column":4},"end":{"line":276,"column":5}},"type":"if","locations":[{"start":{"line":274,"column":4},"end":{"line":276,"column":5}}]}},"s":{"0":5,"1":5,"2":5,"3":5,"4":5,"5":5,"6":5,"7":5,"8":1,"9":1,"10":0,"11":0,"12":0,"13":0,"14":0,"15":0,"16":0,"17":0,"18":0,"19":0,"20":0,"21":0,"22":0,"23":0,"24":0,"25":0,"26":0,"27":0,"28":0,"29":0,"30":0,"31":0,"32":0,"33":0,"34":0,"35":0,"36":0,"37":0,"38":0,"39":0,"40":0,"41":0,"42":0,"43":0,"44":0,"45":0,"46":0,"47":0,"48":0,"49":0,"50":0,"51":0,"52":0,"53":0,"54":0,"55":0,"56":0,"57":0,"58":0,"59":0,"60":0,"61":0,"62":0,"63":0,"64":0,"65":0,"66":5,"67":5},"f":{"0":1,"1":0,"2":0,"3":0,"4":0,"5":0,"6":0,"7":0,"8":0},"b":{"0":[0],"1":[0],"2":[0,0],"3":[0],"4":[0,0],"5":[0],"6":[0,0],"7":[0],"8":[0],"9":[0,0],"10":[0,0],"11":[0],"12":[0],"13":[0,0],"14":[0],"15":[0],"16":[0,0],"17":[0,0],"18":[0],"19":[0],"20":[0],"21":[0],"22":[0]}}
,"D:\\spomen\\api\\src\\account\\dto\\get-accounts.dto.ts": {"path":"D:\\spomen\\api\\src\\account\\dto\\get-accounts.dto.ts","statementMap":{"0":{"start":{"line":3,"column":0},"end":{"line":3,"column":62}},"1":{"start":{"line":8,"column":0},"end":{"line":8,"column":13}}},"fnMap":{},"branchMap":{},"s":{"0":0,"1":0},"f":{},"b":{}}
,"D:\\spomen\\api\\src\\account\\dto\\remove-avatar.dto.ts": {"path":"D:\\spomen\\api\\src\\account\\dto\\remove-avatar.dto.ts","statementMap":{"0":{"start":{"line":1,"column":0},"end":{"line":1,"column":54}},"1":{"start":{"line":6,"column":0},"end":{"line":6,"column":13}},"2":{"start":{"line":12,"column":2},"end":{"line":12,"column":null}}},"fnMap":{},"branchMap":{},"s":{"0":1,"1":1,"2":1},"f":{},"b":{}}
,"D:\\spomen\\api\\src\\account\\dto\\upload-avatar.dto.ts": {"path":"D:\\spomen\\api\\src\\account\\dto\\upload-avatar.dto.ts","statementMap":{"0":{"start":{"line":1,"column":0},"end":{"line":1,"column":54}},"1":{"start":{"line":3,"column":0},"end":{"line":3,"column":null}},"2":{"start":{"line":13,"column":0},"end":{"line":13,"column":13}},"3":{"start":{"line":20,"column":2},"end":{"line":20,"column":null}},"4":{"start":{"line":27,"column":2},"end":{"line":27,"column":null}}},"fnMap":{},"branchMap":{},"s":{"0":1,"1":1,"2":1,"3":1,"4":1},"f":{},"b":{}}
,"D:\\spomen\\api\\src\\auth\\auth.controller.ts": {"path":"D:\\spomen\\api\\src\\auth\\auth.controller.ts","statementMap":{"0":{"start":{"line":1,"column":0},"end":{"line":1,"column":null}},"1":{"start":{"line":15,"column":0},"end":{"line":15,"column":42}},"2":{"start":{"line":16,"column":0},"end":{"line":16,"column":42}},"3":{"start":{"line":19,"column":0},"end":{"line":19,"column":53}},"4":{"start":{"line":20,"column":0},"end":{"line":20,"column":49}},"5":{"start":{"line":23,"column":0},"end":{"line":23,"column":44}},"6":{"start":{"line":26,"column":0},"end":{"line":26,"column":48}},"7":{"start":{"line":27,"column":0},"end":{"line":27,"column":46}},"8":{"start":{"line":31,"column":0},"end":{"line":31,"column":48}},"9":{"start":{"line":35,"column":0},"end":{"line":35,"column":45}},"10":{"start":{"line":41,"column":7},"end":{"line":183,"column":null}},"11":{"start":{"line":46,"column":31},"end":{"line":46,"column":37}},"12":{"start":{"line":56,"column":4},"end":{"line":56,"column":null}},"13":{"start":{"line":71,"column":19},"end":{"line":71,"column":46}},"14":{"start":{"line":73,"column":4},"end":{"line":73,"column":null}},"15":{"start":{"line":75,"column":39},"end":{"line":75,"column":66}},"16":{"start":{"line":77,"column":20},"end":{"line":80,"column":6}},"17":{"start":{"line":82,"column":4},"end":{"line":84,"column":null}},"18":{"start":{"line":100,"column":20},"end":{"line":103,"column":6}},"19":{"start":{"line":105,"column":4},"end":{"line":107,"column":null}},"20":{"start":{"line":123,"column":19},"end":{"line":126,"column":6}},"21":{"start":{"line":128,"column":4},"end":{"line":128,"column":null}},"22":{"start":{"line":130,"column":20},"end":{"line":130,"column":45}},"23":{"start":{"line":132,"column":4},"end":{"line":132,"column":null}},"24":{"start":{"line":148,"column":19},"end":{"line":148,"column":53}},"25":{"start":{"line":150,"column":4},"end":{"line":150,"column":null}},"26":{"start":{"line":152,"column":28},"end":{"line":152,"column":44}},"27":{"start":{"line":154,"column":20},"end":{"line":154,"column":64}},"28":{"start":{"line":156,"column":4},"end":{"line":156,"column":null}},"29":{"start":{"line":168,"column":4},"end":{"line":168,"column":null}},"30":{"start":{"line":177,"column":4},"end":{"line":179,"column":5}},"31":{"start":{"line":178,"column":6},"end":{"line":178,"column":null}},"32":{"start":{"line":181,"column":4},"end":{"line":181,"column":null}},"33":{"start":{"line":41,"column":13},"end":{"line":41,"column":27}},"34":{"start":{"line":55,"column":2},"end":{"line":57,"column":null}},"35":{"start":{"line":67,"column":8},"end":{"line":85,"column":null}},"36":{"start":{"line":96,"column":2},"end":{"line":108,"column":null}},"37":{"start":{"line":119,"column":8},"end":{"line":133,"column":null}},"38":{"start":{"line":144,"column":8},"end":{"line":157,"column":null}},"39":{"start":{"line":167,"column":8},"end":{"line":169,"column":null}},"40":{"start":{"line":41,"column":13},"end":{"line":183,"column":null}}},"fnMap":{"0":{"name":"(anonymous_4)","decl":{"start":{"line":46,"column":2},"end":{"line":46,"column":31}},"loc":{"start":{"line":46,"column":48},"end":{"line":46,"column":52}}},"1":{"name":"(anonymous_5)","decl":{"start":{"line":55,"column":2},"end":{"line":55,"column":6}},"loc":{"start":{"line":55,"column":41},"end":{"line":57,"column":3}}},"2":{"name":"(anonymous_6)","decl":{"start":{"line":67,"column":2},"end":{"line":67,"column":7}},"loc":{"start":{"line":69,"column":24},"end":{"line":85,"column":3}}},"3":{"name":"(anonymous_7)","decl":{"start":{"line":96,"column":2},"end":{"line":96,"column":8}},"loc":{"start":{"line":98,"column":24},"end":{"line":108,"column":3}}},"4":{"name":"(anonymous_8)","decl":{"start":{"line":119,"column":2},"end":{"line":119,"column":7}},"loc":{"start":{"line":121,"column":24},"end":{"line":133,"column":3}}},"5":{"name":"(anonymous_9)","decl":{"start":{"line":144,"column":2},"end":{"line":144,"column":7}},"loc":{"start":{"line":146,"column":24},"end":{"line":157,"column":3}}},"6":{"name":"(anonymous_10)","decl":{"start":{"line":167,"column":2},"end":{"line":167,"column":7}},"loc":{"start":{"line":167,"column":50},"end":{"line":169,"column":3}}},"7":{"name":"(anonymous_11)","decl":{"start":{"line":176,"column":10},"end":{"line":176,"column":20}},"loc":{"start":{"line":176,"column":42},"end":{"line":182,"column":3}}}},"branchMap":{"0":{"loc":{"start":{"line":177,"column":4},"end":{"line":179,"column":5}},"type":"if","locations":[{"start":{"line":177,"column":4},"end":{"line":179,"column":5}}]}},"s":{"0":1,"1":1,"2":1,"3":1,"4":1,"5":1,"6":1,"7":1,"8":1,"9":1,"10":1,"11":0,"12":0,"13":0,"14":0,"15":0,"16":0,"17":0,"18":0,"19":0,"20":0,"21":0,"22":0,"23":0,"24":0,"25":0,"26":0,"27":0,"28":0,"29":0,"30":0,"31":0,"32":0,"33":1,"34":1,"35":1,"36":1,"37":1,"38":1,"39":1,"40":1},"f":{"0":0,"1":0,"2":0,"3":0,"4":0,"5":0,"6":0,"7":0},"b":{"0":[0]}}
,"D:\\spomen\\api\\src\\auth\\auth.service.ts": {"path":"D:\\spomen\\api\\src\\auth\\auth.service.ts","statementMap":{"0":{"start":{"line":1,"column":0},"end":{"line":1,"column":55}},"1":{"start":{"line":2,"column":0},"end":{"line":2,"column":44}},"2":{"start":{"line":3,"column":0},"end":{"line":3,"column":37}},"3":{"start":{"line":6,"column":0},"end":{"line":6,"column":32}},"4":{"start":{"line":7,"column":0},"end":{"line":7,"column":32}},"5":{"start":{"line":10,"column":0},"end":{"line":10,"column":58}},"6":{"start":{"line":11,"column":0},"end":{"line":11,"column":46}},"7":{"start":{"line":12,"column":0},"end":{"line":12,"column":44}},"8":{"start":{"line":15,"column":0},"end":{"line":15,"column":40}},"9":{"start":{"line":19,"column":0},"end":{"line":19,"column":48}},"10":{"start":{"line":31,"column":7},"end":{"line":387,"column":null}},"11":{"start":{"line":45,"column":21},"end":{"line":45,"column":29}},"12":{"start":{"line":46,"column":21},"end":{"line":46,"column":28}},"13":{"start":{"line":47,"column":21},"end":{"line":47,"column":30}},"14":{"start":{"line":49,"column":4},"end":{"line":52,"column":null}},"15":{"start":{"line":61,"column":21},"end":{"line":61,"column":52}},"16":{"start":{"line":63,"column":27},"end":{"line":74,"column":6}},"17":{"start":{"line":76,"column":4},"end":{"line":78,"column":5}},"18":{"start":{"line":77,"column":6},"end":{"line":77,"column":null}},"19":{"start":{"line":80,"column":19},"end":{"line":89,"column":null}},"20":{"start":{"line":92,"column":4},"end":{"line":94,"column":5}},"21":{"start":{"line":93,"column":6},"end":{"line":93,"column":null}},"22":{"start":{"line":96,"column":4},"end":{"line":96,"column":null}},"23":{"start":{"line":109,"column":20},"end":{"line":111,"column":6}},"24":{"start":{"line":113,"column":4},"end":{"line":115,"column":5}},"25":{"start":{"line":114,"column":6},"end":{"line":114,"column":null}},"26":{"start":{"line":117,"column":4},"end":{"line":117,"column":null}},"27":{"start":{"line":130,"column":21},"end":{"line":130,"column":68}},"28":{"start":{"line":132,"column":4},"end":{"line":134,"column":5}},"29":{"start":{"line":133,"column":6},"end":{"line":133,"column":null}},"30":{"start":{"line":136,"column":4},"end":{"line":136,"column":null}},"31":{"start":{"line":138,"column":19},"end":{"line":145,"column":6}},"32":{"start":{"line":147,"column":4},"end":{"line":149,"column":5}},"33":{"start":{"line":148,"column":6},"end":{"line":148,"column":null}},"34":{"start":{"line":151,"column":4},"end":{"line":151,"column":null}},"35":{"start":{"line":165,"column":24},"end":{"line":167,"column":6}},"36":{"start":{"line":169,"column":4},"end":{"line":215,"column":5}},"37":{"start":{"line":170,"column":23},"end":{"line":170,"column":41}},"38":{"start":{"line":172,"column":23},"end":{"line":177,"column":8}},"39":{"start":{"line":179,"column":29},"end":{"line":179,"column":56}},"40":{"start":{"line":181,"column":19},"end":{"line":196,"column":8}},"41":{"start":{"line":198,"column":6},"end":{"line":200,"column":7}},"42":{"start":{"line":199,"column":8},"end":{"line":199,"column":null}},"43":{"start":{"line":202,"column":21},"end":{"line":211,"column":null}},"44":{"start":{"line":214,"column":6},"end":{"line":214,"column":null}},"45":{"start":{"line":217,"column":17},"end":{"line":225,"column":null}},"46":{"start":{"line":228,"column":4},"end":{"line":230,"column":5}},"47":{"start":{"line":229,"column":6},"end":{"line":229,"column":null}},"48":{"start":{"line":232,"column":19},"end":{"line":241,"column":null}},"49":{"start":{"line":244,"column":4},"end":{"line":244,"column":null}},"50":{"start":{"line":256,"column":19},"end":{"line":256,"column":66}},"51":{"start":{"line":258,"column":4},"end":{"line":260,"column":5}},"52":{"start":{"line":259,"column":6},"end":{"line":259,"column":null}},"53":{"start":{"line":262,"column":4},"end":{"line":262,"column":null}},"54":{"start":{"line":271,"column":19},"end":{"line":271,"column":71}},"55":{"start":{"line":273,"column":4},"end":{"line":275,"column":5}},"56":{"start":{"line":274,"column":6},"end":{"line":274,"column":null}},"57":{"start":{"line":277,"column":4},"end":{"line":287,"column":null}},"58":{"start":{"line":296,"column":4},"end":{"line":296,"column":null}},"59":{"start":{"line":305,"column":27},"end":{"line":306,"column":null}},"60":{"start":{"line":309,"column":28},"end":{"line":310,"column":null}},"61":{"start":{"line":313,"column":34},"end":{"line":318,"column":17}},"62":{"start":{"line":320,"column":27},"end":{"line":325,"column":17}},"63":{"start":{"line":327,"column":4},"end":{"line":346,"column":null}},"64":{"start":{"line":354,"column":4},"end":{"line":373,"column":null}},"65":{"start":{"line":385,"column":4},"end":{"line":385,"column":null}},"66":{"start":{"line":31,"column":13},"end":{"line":31,"column":24}},"67":{"start":{"line":31,"column":13},"end":{"line":387,"column":null}}},"fnMap":{"0":{"name":"(anonymous_2)","decl":{"start":{"line":44,"column":2},"end":{"line":44,"column":null}},"loc":{"start":{"line":47,"column":44},"end":{"line":53,"column":3}}},"1":{"name":"(anonymous_3)","decl":{"start":{"line":60,"column":2},"end":{"line":60,"column":7}},"loc":{"start":{"line":60,"column":29},"end":{"line":97,"column":3}}},"2":{"name":"(anonymous_4)","decl":{"start":{"line":105,"column":2},"end":{"line":105,"column":7}},"loc":{"start":{"line":107,"column":20},"end":{"line":118,"column":3}}},"3":{"name":"(anonymous_5)","decl":{"start":{"line":126,"column":2},"end":{"line":126,"column":7}},"loc":{"start":{"line":128,"column":20},"end":{"line":152,"column":3}}},"4":{"name":"(anonymous_6)","decl":{"start":{"line":162,"column":2},"end":{"line":162,"column":7}},"loc":{"start":{"line":163,"column":22},"end":{"line":245,"column":3}}},"5":{"name":"(anonymous_7)","decl":{"start":{"line":252,"column":2},"end":{"line":252,"column":7}},"loc":{"start":{"line":255,"column":27},"end":{"line":263,"column":3}}},"6":{"name":"(anonymous_8)","decl":{"start":{"line":270,"column":2},"end":{"line":270,"column":7}},"loc":{"start":{"line":270,"column":44},"end":{"line":288,"column":3}}},"7":{"name":"(anonymous_9)","decl":{"start":{"line":295,"column":2},"end":{"line":295,"column":7}},"loc":{"start":{"line":295,"column":42},"end":{"line":297,"column":3}}},"8":{"name":"(anonymous_10)","decl":{"start":{"line":304,"column":2},"end":{"line":304,"column":19}},"loc":{"start":{"line":304,"column":34},"end":{"line":347,"column":3}}},"9":{"name":"(anonymous_11)","decl":{"start":{"line":353,"column":2},"end":{"line":353,"column":15}},"loc":{"start":{"line":353,"column":15},"end":{"line":374,"column":3}}},"10":{"name":"(anonymous_12)","decl":{"start":{"line":381,"column":10},"end":{"line":381,"column":31}},"loc":{"start":{"line":381,"column":43},"end":{"line":386,"column":3}}}},"branchMap":{"0":{"loc":{"start":{"line":50,"column":6},"end":{"line":52,"column":21}},"type":"cond-expr","locations":[{"start":{"line":51,"column":10},"end":{"line":51,"column":36}},{"start":{"line":52,"column":10},"end":{"line":52,"column":21}}]},"1":{"loc":{"start":{"line":67,"column":18},"end":{"line":69,"column":21}},"type":"cond-expr","locations":[{"start":{"line":68,"column":12},"end":{"line":68,"column":48}},{"start":{"line":69,"column":12},"end":{"line":69,"column":21}}]},"2":{"loc":{"start":{"line":76,"column":4},"end":{"line":78,"column":5}},"type":"if","locations":[{"start":{"line":76,"column":4},"end":{"line":78,"column":5}}]},"3":{"loc":{"start":{"line":92,"column":4},"end":{"line":94,"column":5}},"type":"if","locations":[{"start":{"line":92,"column":4},"end":{"line":94,"column":5}}]},"4":{"loc":{"start":{"line":113,"column":4},"end":{"line":115,"column":5}},"type":"if","locations":[{"start":{"line":113,"column":4},"end":{"line":115,"column":5}}]},"5":{"loc":{"start":{"line":132,"column":4},"end":{"line":134,"column":5}},"type":"if","locations":[{"start":{"line":132,"column":4},"end":{"line":134,"column":5}}]},"6":{"loc":{"start":{"line":147,"column":4},"end":{"line":149,"column":5}},"type":"if","locations":[{"start":{"line":147,"column":4},"end":{"line":149,"column":5}}]},"7":{"loc":{"start":{"line":169,"column":4},"end":{"line":215,"column":5}},"type":"if","locations":[{"start":{"line":169,"column":4},"end":{"line":215,"column":5}}]},"8":{"loc":{"start":{"line":187,"column":20},"end":{"line":189,"column":23}},"type":"cond-expr","locations":[{"start":{"line":188,"column":14},"end":{"line":188,"column":52}},{"start":{"line":189,"column":14},"end":{"line":189,"column":23}}]},"9":{"loc":{"start":{"line":198,"column":6},"end":{"line":200,"column":7}},"type":"if","locations":[{"start":{"line":198,"column":6},"end":{"line":200,"column":7}}]},"10":{"loc":{"start":{"line":207,"column":27},"end":{"line":207,"column":56}},"type":"binary-expr","locations":[{"start":{"line":207,"column":27},"end":{"line":207,"column":48}},{"start":{"line":207,"column":52},"end":{"line":207,"column":56}}]},"11":{"loc":{"start":{"line":228,"column":4},"end":{"line":230,"column":5}},"type":"if","locations":[{"start":{"line":228,"column":4},"end":{"line":230,"column":5}}]},"12":{"loc":{"start":{"line":258,"column":4},"end":{"line":260,"column":5}},"type":"if","locations":[{"start":{"line":258,"column":4},"end":{"line":260,"column":5}}]},"13":{"loc":{"start":{"line":273,"column":4},"end":{"line":275,"column":5}},"type":"if","locations":[{"start":{"line":273,"column":4},"end":{"line":275,"column":5}}]}},"s":{"0":3,"1":3,"2":3,"3":3,"4":3,"5":3,"6":3,"7":3,"8":3,"9":3,"10":3,"11":0,"12":0,"13":0,"14":0,"15":0,"16":0,"17":0,"18":0,"19":0,"20":0,"21":0,"22":0,"23":0,"24":0,"25":0,"26":0,"27":0,"28":0,"29":0,"30":0,"31":0,"32":0,"33":0,"34":0,"35":0,"36":0,"37":0,"38":0,"39":0,"40":0,"41":0,"42":0,"43":0,"44":0,"45":0,"46":0,"47":0,"48":0,"49":0,"50":0,"51":0,"52":0,"53":0,"54":0,"55":0,"56":0,"57":0,"58":0,"59":0,"60":0,"61":0,"62":0,"63":0,"64":0,"65":0,"66":3,"67":3},"f":{"0":0,"1":0,"2":0,"3":0,"4":0,"5":0,"6":0,"7":0,"8":0,"9":0,"10":0},"b":{"0":[0,0],"1":[0,0],"2":[0],"3":[0],"4":[0],"5":[0],"6":[0],"7":[0],"8":[0,0],"9":[0],"10":[0,0],"11":[0],"12":[0],"13":[0]}}
,"D:\\spomen\\api\\src\\auth\\token.service.ts": {"path":"D:\\spomen\\api\\src\\auth\\token.service.ts","statementMap":{"0":{"start":{"line":1,"column":0},"end":{"line":1,"column":55}},"1":{"start":{"line":3,"column":0},"end":{"line":3,"column":40}},"2":{"start":{"line":6,"column":0},"end":{"line":6,"column":58}},"3":{"start":{"line":7,"column":0},"end":{"line":7,"column":44}},"4":{"start":{"line":11,"column":0},"end":{"line":11,"column":48}},"5":{"start":{"line":17,"column":7},"end":{"line":222,"column":null}},"6":{"start":{"line":30,"column":12},"end":{"line":30,"column":21}},"7":{"start":{"line":31,"column":12},"end":{"line":31,"column":20}},"8":{"start":{"line":32,"column":12},"end":{"line":32,"column":17}},"9":{"start":{"line":34,"column":4},"end":{"line":34,"column":null}},"10":{"start":{"line":47,"column":4},"end":{"line":58,"column":5}},"11":{"start":{"line":48,"column":22},"end":{"line":48,"column":72}},"12":{"start":{"line":50,"column":6},"end":{"line":55,"column":7}},"13":{"start":{"line":51,"column":8},"end":{"line":54,"column":null}},"14":{"start":{"line":57,"column":6},"end":{"line":57,"column":null}},"15":{"start":{"line":60,"column":4},"end":{"line":60,"column":null}},"16":{"start":{"line":73,"column":20},"end":{"line":73,"column":73}},"17":{"start":{"line":75,"column":4},"end":{"line":77,"column":5}},"18":{"start":{"line":76,"column":6},"end":{"line":76,"column":null}},"19":{"start":{"line":79,"column":18},"end":{"line":80,"column":null}},"20":{"start":{"line":80,"column":17},"end":{"line":80,"column":40}},"21":{"start":{"line":83,"column":4},"end":{"line":88,"column":5}},"22":{"start":{"line":84,"column":6},"end":{"line":87,"column":null}},"23":{"start":{"line":90,"column":4},"end":{"line":90,"column":null}},"24":{"start":{"line":103,"column":20},"end":{"line":103,"column":66}},"25":{"start":{"line":105,"column":4},"end":{"line":107,"column":5}},"26":{"start":{"line":106,"column":6},"end":{"line":106,"column":null}},"27":{"start":{"line":109,"column":19},"end":{"line":109,"column":41}},"28":{"start":{"line":111,"column":29},"end":{"line":111,"column":58}},"29":{"start":{"line":113,"column":4},"end":{"line":113,"column":null}},"30":{"start":{"line":113,"column":31},"end":{"line":113,"column":null}},"31":{"start":{"line":115,"column":4},"end":{"line":122,"column":null}},"32":{"start":{"line":131,"column":20},"end":{"line":139,"column":null}},"33":{"start":{"line":142,"column":4},"end":{"line":142,"column":null}},"34":{"start":{"line":155,"column":4},"end":{"line":165,"column":null}},"35":{"start":{"line":178,"column":24},"end":{"line":178,"column":43}},"36":{"start":{"line":180,"column":4},"end":{"line":190,"column":5}},"37":{"start":{"line":181,"column":28},"end":{"line":181,"column":78}},"38":{"start":{"line":183,"column":6},"end":{"line":188,"column":7}},"39":{"start":{"line":184,"column":8},"end":{"line":187,"column":null}},"40":{"start":{"line":189,"column":6},"end":{"line":189,"column":null}},"41":{"start":{"line":192,"column":27},"end":{"line":195,"column":null}},"42":{"start":{"line":197,"column":24},"end":{"line":197,"column":44}},"43":{"start":{"line":198,"column":28},"end":{"line":198,"column":70}},"44":{"start":{"line":200,"column":33},"end":{"line":200,"column":35}},"45":{"start":{"line":202,"column":4},"end":{"line":209,"column":5}},"46":{"start":{"line":203,"column":6},"end":{"line":206,"column":null}},"47":{"start":{"line":208,"column":6},"end":{"line":208,"column":null}},"48":{"start":{"line":211,"column":4},"end":{"line":218,"column":null}},"49":{"start":{"line":220,"column":4},"end":{"line":220,"column":null}},"50":{"start":{"line":17,"column":13},"end":{"line":17,"column":25}},"51":{"start":{"line":17,"column":13},"end":{"line":222,"column":null}}},"fnMap":{"0":{"name":"(anonymous_2)","decl":{"start":{"line":29,"column":2},"end":{"line":29,"column":null}},"loc":{"start":{"line":32,"column":27},"end":{"line":35,"column":3}}},"1":{"name":"(anonymous_3)","decl":{"start":{"line":43,"column":2},"end":{"line":43,"column":7}},"loc":{"start":{"line":45,"column":26},"end":{"line":61,"column":3}}},"2":{"name":"(anonymous_4)","decl":{"start":{"line":69,"column":2},"end":{"line":69,"column":7}},"loc":{"start":{"line":71,"column":25},"end":{"line":91,"column":3}}},"3":{"name":"(anonymous_5)","decl":{"start":{"line":80,"column":6},"end":{"line":80,"column":7}},"loc":{"start":{"line":80,"column":17},"end":{"line":80,"column":40}}},"4":{"name":"(anonymous_6)","decl":{"start":{"line":99,"column":2},"end":{"line":99,"column":7}},"loc":{"start":{"line":101,"column":25},"end":{"line":123,"column":3}}},"5":{"name":"(anonymous_7)","decl":{"start":{"line":130,"column":2},"end":{"line":130,"column":7}},"loc":{"start":{"line":130,"column":29},"end":{"line":143,"column":3}}},"6":{"name":"(anonymous_8)","decl":{"start":{"line":151,"column":10},"end":{"line":151,"column":15}},"loc":{"start":{"line":153,"column":30},"end":{"line":166,"column":3}}},"7":{"name":"(anonymous_9)","decl":{"start":{"line":174,"column":10},"end":{"line":174,"column":15}},"loc":{"start":{"line":176,"column":28},"end":{"line":221,"column":3}}}},"branchMap":{"0":{"loc":{"start":{"line":45,"column":4},"end":{"line":45,"column":26}},"type":"default-arg","locations":[{"start":{"line":45,"column":21},"end":{"line":45,"column":26}}]},"1":{"loc":{"start":{"line":47,"column":4},"end":{"line":58,"column":5}},"type":"if","locations":[{"start":{"line":47,"column":4},"end":{"line":58,"column":5}}]},"2":{"loc":{"start":{"line":50,"column":6},"end":{"line":55,"column":7}},"type":"if","locations":[{"start":{"line":50,"column":6},"end":{"line":55,"column":7}}]},"3":{"loc":{"start":{"line":75,"column":4},"end":{"line":77,"column":5}},"type":"if","locations":[{"start":{"line":75,"column":4},"end":{"line":77,"column":5}}]},"4":{"loc":{"start":{"line":83,"column":4},"end":{"line":88,"column":5}},"type":"if","locations":[{"start":{"line":83,"column":4},"end":{"line":88,"column":5}}]},"5":{"loc":{"start":{"line":105,"column":4},"end":{"line":107,"column":5}},"type":"if","locations":[{"start":{"line":105,"column":4},"end":{"line":107,"column":5}}]},"6":{"loc":{"start":{"line":113,"column":4},"end":{"line":113,"column":null}},"type":"if","locations":[{"start":{"line":113,"column":4},"end":{"line":113,"column":null}}]},"7":{"loc":{"start":{"line":158,"column":8},"end":{"line":160,"column":38}},"type":"cond-expr","locations":[{"start":{"line":159,"column":12},"end":{"line":159,"column":37}},{"start":{"line":160,"column":12},"end":{"line":160,"column":38}}]},"8":{"loc":{"start":{"line":163,"column":8},"end":{"line":163,"column":74}},"type":"cond-expr","locations":[{"start":{"line":163,"column":28},"end":{"line":163,"column":49}},{"start":{"line":163,"column":52},"end":{"line":163,"column":74}}]},"9":{"loc":{"start":{"line":178,"column":24},"end":{"line":178,"column":43}},"type":"binary-expr","locations":[{"start":{"line":178,"column":24},"end":{"line":178,"column":37}},{"start":{"line":178,"column":41},"end":{"line":178,"column":43}}]},"10":{"loc":{"start":{"line":180,"column":4},"end":{"line":190,"column":5}},"type":"if","locations":[{"start":{"line":180,"column":4},"end":{"line":190,"column":5}}]},"11":{"loc":{"start":{"line":183,"column":6},"end":{"line":188,"column":7}},"type":"if","locations":[{"start":{"line":183,"column":6},"end":{"line":188,"column":7}}]},"12":{"loc":{"start":{"line":202,"column":4},"end":{"line":209,"column":5}},"type":"if","locations":[{"start":{"line":202,"column":4},"end":{"line":209,"column":5}}]},"13":{"loc":{"start":{"line":213,"column":24},"end":{"line":215,"column":44}},"type":"cond-expr","locations":[{"start":{"line":214,"column":12},"end":{"line":214,"column":33}},{"start":{"line":215,"column":12},"end":{"line":215,"column":44}}]}},"s":{"0":3,"1":3,"2":3,"3":3,"4":3,"5":3,"6":0,"7":0,"8":0,"9":0,"10":0,"11":0,"12":0,"13":0,"14":0,"15":0,"16":0,"17":0,"18":0,"19":0,"20":0,"21":0,"22":0,"23":0,"24":0,"25":0,"26":0,"27":0,"28":0,"29":0,"30":0,"31":0,"32":0,"33":0,"34":0,"35":0,"36":0,"37":0,"38":0,"39":0,"40":0,"41":0,"42":0,"43":0,"44":0,"45":0,"46":0,"47":0,"48":0,"49":0,"50":3,"51":3},"f":{"0":0,"1":0,"2":0,"3":0,"4":0,"5":0,"6":0,"7":0},"b":{"0":[0],"1":[0],"2":[0],"3":[0],"4":[0],"5":[0],"6":[0],"7":[0,0],"8":[0,0],"9":[0,0],"10":[0],"11":[0],"12":[0],"13":[0,0]}}
,"D:\\spomen\\api\\src\\auth\\dto\\logout.dto.ts": {"path":"D:\\spomen\\api\\src\\auth\\dto\\logout.dto.ts","statementMap":{"0":{"start":{"line":1,"column":0},"end":{"line":1,"column":13}}},"fnMap":{},"branchMap":{},"s":{"0":0},"f":{},"b":{}}
,"D:\\spomen\\api\\src\\auth\\dto\\refresh-tokens.dto.ts": {"path":"D:\\spomen\\api\\src\\auth\\dto\\refresh-tokens.dto.ts","statementMap":{"0":{"start":{"line":1,"column":0},"end":{"line":1,"column":13}}},"fnMap":{},"branchMap":{},"s":{"0":0},"f":{},"b":{}}
,"D:\\spomen\\api\\src\\auth\\dto\\sign-up.dto.ts": {"path":"D:\\spomen\\api\\src\\auth\\dto\\sign-up.dto.ts","statementMap":{"0":{"start":{"line":1,"column":0},"end":{"line":1,"column":null}},"1":{"start":{"line":13,"column":0},"end":{"line":13,"column":13}},"2":{"start":{"line":22,"column":2},"end":{"line":22,"column":null}},"3":{"start":{"line":32,"column":2},"end":{"line":32,"column":null}},"4":{"start":{"line":42,"column":2},"end":{"line":42,"column":null}},"5":{"start":{"line":52,"column":2},"end":{"line":52,"column":null}},"6":{"start":{"line":63,"column":2},"end":{"line":63,"column":null}},"7":{"start":{"line":73,"column":2},"end":{"line":73,"column":null}}},"fnMap":{},"branchMap":{},"s":{"0":1,"1":1,"2":1,"3":1,"4":1,"5":1,"6":1,"7":1},"f":{},"b":{}}
,"D:\\spomen\\api\\src\\auth\\strategies\\jwt.strategy.ts": {"path":"D:\\spomen\\api\\src\\auth\\strategies\\jwt.strategy.ts","statementMap":{"0":{"start":{"line":1,"column":0},"end":{"line":1,"column":70}},"1":{"start":{"line":2,"column":0},"end":{"line":2,"column":51}},"2":{"start":{"line":3,"column":0},"end":{"line":3,"column":51}},"3":{"start":{"line":8,"column":0},"end":{"line":8,"column":58}},"4":{"start":{"line":9,"column":0},"end":{"line":9,"column":44}},"5":{"start":{"line":12,"column":0},"end":{"line":12,"column":48}},"6":{"start":{"line":16,"column":0},"end":{"line":16,"column":48}},"7":{"start":{"line":24,"column":7},"end":{"line":59,"column":null}},"8":{"start":{"line":34,"column":4},"end":{"line":42,"column":null}},"9":{"start":{"line":37,"column":10},"end":{"line":37,"column":null}},"10":{"start":{"line":31,"column":21},"end":{"line":31,"column":29}},"11":{"start":{"line":32,"column":21},"end":{"line":32,"column":30}},"12":{"start":{"line":51,"column":20},"end":{"line":51,"column":73}},"13":{"start":{"line":53,"column":4},"end":{"line":55,"column":5}},"14":{"start":{"line":54,"column":6},"end":{"line":54,"column":null}},"15":{"start":{"line":57,"column":4},"end":{"line":57,"column":null}},"16":{"start":{"line":24,"column":13},"end":{"line":24,"column":24}},"17":{"start":{"line":24,"column":13},"end":{"line":59,"column":null}}},"fnMap":{"0":{"name":"(anonymous_2)","decl":{"start":{"line":30,"column":2},"end":{"line":30,"column":null}},"loc":{"start":{"line":32,"column":44},"end":{"line":43,"column":3}}},"1":{"name":"(anonymous_3)","decl":{"start":{"line":36,"column":8},"end":{"line":36,"column":9}},"loc":{"start":{"line":36,"column":25},"end":{"line":38,"column":9}}},"2":{"name":"(anonymous_4)","decl":{"start":{"line":50,"column":2},"end":{"line":50,"column":7}},"loc":{"start":{"line":50,"column":38},"end":{"line":58,"column":3}}}},"branchMap":{"0":{"loc":{"start":{"line":53,"column":4},"end":{"line":55,"column":5}},"type":"if","locations":[{"start":{"line":53,"column":4},"end":{"line":55,"column":5}}]}},"s":{"0":0,"1":0,"2":0,"3":0,"4":0,"5":0,"6":0,"7":0,"8":0,"9":0,"10":0,"11":0,"12":0,"13":0,"14":0,"15":0,"16":0,"17":0},"f":{"0":0,"1":0,"2":0},"b":{"0":[0]}}
,"D:\\spomen\\api\\src\\auth\\strategies\\local.strategy.ts": {"path":"D:\\spomen\\api\\src\\auth\\strategies\\local.strategy.ts","statementMap":{"0":{"start":{"line":1,"column":0},"end":{"line":1,"column":70}},"1":{"start":{"line":2,"column":0},"end":{"line":2,"column":51}},"2":{"start":{"line":3,"column":0},"end":{"line":3,"column":41}},"3":{"start":{"line":6,"column":0},"end":{"line":6,"column":45}},"4":{"start":{"line":10,"column":0},"end":{"line":10,"column":48}},"5":{"start":{"line":13,"column":0},"end":{"line":13,"column":48}},"6":{"start":{"line":19,"column":7},"end":{"line":44,"column":null}},"7":{"start":{"line":25,"column":4},"end":{"line":27,"column":null}},"8":{"start":{"line":24,"column":22},"end":{"line":24,"column":28}},"9":{"start":{"line":36,"column":17},"end":{"line":36,"column":77}},"10":{"start":{"line":38,"column":4},"end":{"line":40,"column":5}},"11":{"start":{"line":39,"column":6},"end":{"line":39,"column":null}},"12":{"start":{"line":42,"column":4},"end":{"line":42,"column":null}},"13":{"start":{"line":19,"column":13},"end":{"line":19,"column":26}},"14":{"start":{"line":19,"column":13},"end":{"line":44,"column":null}}},"fnMap":{"0":{"name":"(anonymous_2)","decl":{"start":{"line":24,"column":2},"end":{"line":24,"column":22}},"loc":{"start":{"line":24,"column":39},"end":{"line":28,"column":3}}},"1":{"name":"(anonymous_3)","decl":{"start":{"line":35,"column":2},"end":{"line":35,"column":7}},"loc":{"start":{"line":35,"column":48},"end":{"line":43,"column":3}}}},"branchMap":{"0":{"loc":{"start":{"line":38,"column":4},"end":{"line":40,"column":5}},"type":"if","locations":[{"start":{"line":38,"column":4},"end":{"line":40,"column":5}}]}},"s":{"0":1,"1":1,"2":1,"3":1,"4":1,"5":1,"6":1,"7":1,"8":1,"9":1,"10":1,"11":0,"12":1,"13":1,"14":1},"f":{"0":1,"1":1},"b":{"0":[0]}}
,"D:\\spomen\\api\\src\\auth\\strategies\\refresh.strategy.ts": {"path":"D:\\spomen\\api\\src\\auth\\strategies\\refresh.strategy.ts","statementMap":{"0":{"start":{"line":1,"column":0},"end":{"line":1,"column":70}},"1":{"start":{"line":2,"column":0},"end":{"line":2,"column":51}},"2":{"start":{"line":3,"column":0},"end":{"line":3,"column":51}},"3":{"start":{"line":8,"column":0},"end":{"line":8,"column":58}},"4":{"start":{"line":9,"column":0},"end":{"line":9,"column":44}},"5":{"start":{"line":12,"column":0},"end":{"line":12,"column":48}},"6":{"start":{"line":17,"column":0},"end":{"line":17,"column":48}},"7":{"start":{"line":24,"column":7},"end":{"line":74,"column":null}},"8":{"start":{"line":34,"column":4},"end":{"line":43,"column":null}},"9":{"start":{"line":37,"column":10},"end":{"line":37,"column":null}},"10":{"start":{"line":31,"column":21},"end":{"line":31,"column":29}},"11":{"start":{"line":32,"column":21},"end":{"line":32,"column":30}},"12":{"start":{"line":55,"column":20},"end":{"line":55,"column":73}},"13":{"start":{"line":57,"column":4},"end":{"line":59,"column":5}},"14":{"start":{"line":58,"column":6},"end":{"line":58,"column":null}},"15":{"start":{"line":61,"column":21},"end":{"line":62,"column":null}},"16":{"start":{"line":62,"column":17},"end":{"line":62,"column":46}},"17":{"start":{"line":65,"column":4},"end":{"line":67,"column":5}},"18":{"start":{"line":66,"column":6},"end":{"line":66,"column":null}},"19":{"start":{"line":69,"column":4},"end":{"line":72,"column":null}},"20":{"start":{"line":24,"column":13},"end":{"line":24,"column":28}},"21":{"start":{"line":24,"column":13},"end":{"line":74,"column":null}}},"fnMap":{"0":{"name":"(anonymous_2)","decl":{"start":{"line":30,"column":2},"end":{"line":30,"column":null}},"loc":{"start":{"line":32,"column":44},"end":{"line":44,"column":3}}},"1":{"name":"(anonymous_3)","decl":{"start":{"line":36,"column":8},"end":{"line":36,"column":9}},"loc":{"start":{"line":36,"column":25},"end":{"line":38,"column":9}}},"2":{"name":"(anonymous_4)","decl":{"start":{"line":51,"column":2},"end":{"line":51,"column":7}},"loc":{"start":{"line":53,"column":25},"end":{"line":73,"column":3}}},"3":{"name":"(anonymous_5)","decl":{"start":{"line":62,"column":6},"end":{"line":62,"column":7}},"loc":{"start":{"line":62,"column":17},"end":{"line":62,"column":46}}}},"branchMap":{"0":{"loc":{"start":{"line":57,"column":4},"end":{"line":59,"column":5}},"type":"if","locations":[{"start":{"line":57,"column":4},"end":{"line":59,"column":5}}]},"1":{"loc":{"start":{"line":65,"column":4},"end":{"line":67,"column":5}},"type":"if","locations":[{"start":{"line":65,"column":4},"end":{"line":67,"column":5}}]}},"s":{"0":0,"1":0,"2":0,"3":0,"4":0,"5":0,"6":0,"7":0,"8":0,"9":0,"10":0,"11":0,"12":0,"13":0,"14":0,"15":0,"16":0,"17":0,"18":0,"19":0,"20":0,"21":0},"f":{"0":0,"1":0,"2":0,"3":0},"b":{"0":[0],"1":[0]}}
,"D:\\spomen\\api\\src\\auth\\strategies\\vk-id.strategy.ts": {"path":"D:\\spomen\\api\\src\\auth\\strategies\\vk-id.strategy.ts","statementMap":{"0":{"start":{"line":1,"column":0},"end":{"line":1,"column":null}},"1":{"start":{"line":7,"column":0},"end":{"line":7,"column":51}},"2":{"start":{"line":8,"column":0},"end":{"line":8,"column":41}},"3":{"start":{"line":12,"column":0},"end":{"line":12,"column":51}},"4":{"start":{"line":13,"column":0},"end":{"line":13,"column":49}},"5":{"start":{"line":15,"column":0},"end":{"line":15,"column":48}},"6":{"start":{"line":16,"column":0},"end":{"line":16,"column":48}},"7":{"start":{"line":19,"column":7},"end":{"line":61,"column":null}},"8":{"start":{"line":24,"column":4},"end":{"line":27,"column":null}},"9":{"start":{"line":21,"column":12},"end":{"line":21,"column":18}},"10":{"start":{"line":22,"column":12},"end":{"line":22,"column":18}},"11":{"start":{"line":31,"column":30},"end":{"line":34,"column":6}},"12":{"start":{"line":36,"column":4},"end":{"line":38,"column":5}},"13":{"start":{"line":37,"column":6},"end":{"line":37,"column":null}},"14":{"start":{"line":40,"column":16},"end":{"line":44,"column":6}},"15":{"start":{"line":46,"column":4},"end":{"line":48,"column":5}},"16":{"start":{"line":47,"column":6},"end":{"line":47,"column":null}},"17":{"start":{"line":50,"column":17},"end":{"line":53,"column":6}},"18":{"start":{"line":55,"column":4},"end":{"line":57,"column":5}},"19":{"start":{"line":56,"column":6},"end":{"line":56,"column":null}},"20":{"start":{"line":59,"column":4},"end":{"line":59,"column":null}},"21":{"start":{"line":19,"column":13},"end":{"line":19,"column":25}},"22":{"start":{"line":19,"column":13},"end":{"line":61,"column":null}}},"fnMap":{"0":{"name":"(anonymous_2)","decl":{"start":{"line":20,"column":2},"end":{"line":20,"column":null}},"loc":{"start":{"line":22,"column":29},"end":{"line":28,"column":3}}},"1":{"name":"(anonymous_3)","decl":{"start":{"line":30,"column":2},"end":{"line":30,"column":7}},"loc":{"start":{"line":30,"column":44},"end":{"line":60,"column":3}}}},"branchMap":{"0":{"loc":{"start":{"line":36,"column":4},"end":{"line":38,"column":5}},"type":"if","locations":[{"start":{"line":36,"column":4},"end":{"line":38,"column":5}}]},"1":{"loc":{"start":{"line":46,"column":4},"end":{"line":48,"column":5}},"type":"if","locations":[{"start":{"line":46,"column":4},"end":{"line":48,"column":5}}]},"2":{"loc":{"start":{"line":55,"column":4},"end":{"line":57,"column":5}},"type":"if","locations":[{"start":{"line":55,"column":4},"end":{"line":57,"column":5}}]}},"s":{"0":0,"1":0,"2":0,"3":0,"4":0,"5":0,"6":0,"7":0,"8":0,"9":0,"10":0,"11":0,"12":0,"13":0,"14":0,"15":0,"16":0,"17":0,"18":0,"19":0,"20":0,"21":0,"22":0},"f":{"0":0,"1":0},"b":{"0":[0],"1":[0],"2":[0]}}
,"D:\\spomen\\api\\src\\common\\filters\\handled-exception.filter.ts": {"path":"D:\\spomen\\api\\src\\common\\filters\\handled-exception.filter.ts","statementMap":{"0":{"start":{"line":1,"column":0},"end":{"line":1,"column":null}},"1":{"start":{"line":9,"column":0},"end":{"line":9,"column":66}},"2":{"start":{"line":11,"column":0},"end":{"line":11,"column":38}},"3":{"start":{"line":13,"column":0},"end":{"line":13,"column":38}},"4":{"start":{"line":16,"column":7},"end":{"line":81,"column":null}},"5":{"start":{"line":18,"column":16},"end":{"line":18,"column":35}},"6":{"start":{"line":19,"column":16},"end":{"line":19,"column":41}},"7":{"start":{"line":20,"column":16},"end":{"line":20,"column":43}},"8":{"start":{"line":21,"column":19},"end":{"line":21,"column":34}},"9":{"start":{"line":23,"column":33},"end":{"line":23,"column":37}},"10":{"start":{"line":25,"column":4},"end":{"line":60,"column":5}},"11":{"start":{"line":27,"column":8},"end":{"line":27,"column":null}},"12":{"start":{"line":28,"column":8},"end":{"line":28,"column":13}},"13":{"start":{"line":32,"column":8},"end":{"line":32,"column":null}},"14":{"start":{"line":33,"column":8},"end":{"line":33,"column":13}},"15":{"start":{"line":37,"column":8},"end":{"line":37,"column":null}},"16":{"start":{"line":38,"column":8},"end":{"line":38,"column":13}},"17":{"start":{"line":42,"column":8},"end":{"line":42,"column":null}},"18":{"start":{"line":43,"column":8},"end":{"line":43,"column":13}},"19":{"start":{"line":47,"column":8},"end":{"line":47,"column":null}},"20":{"start":{"line":48,"column":8},"end":{"line":48,"column":13}},"21":{"start":{"line":52,"column":8},"end":{"line":52,"column":null}},"22":{"start":{"line":53,"column":8},"end":{"line":53,"column":13}},"23":{"start":{"line":57,"column":8},"end":{"line":57,"column":null}},"24":{"start":{"line":58,"column":8},"end":{"line":58,"column":13}},"25":{"start":{"line":62,"column":4},"end":{"line":71,"column":5}},"26":{"start":{"line":63,"column":22},"end":{"line":63,"column":51}},"27":{"start":{"line":65,"column":6},"end":{"line":70,"column":null}},"28":{"start":{"line":73,"column":4},"end":{"line":79,"column":null}},"29":{"start":{"line":16,"column":13},"end":{"line":16,"column":35}},"30":{"start":{"line":16,"column":13},"end":{"line":81,"column":null}}},"fnMap":{"0":{"name":"(anonymous_1)","decl":{"start":{"line":17,"column":2},"end":{"line":17,"column":7}},"loc":{"start":{"line":17,"column":47},"end":{"line":80,"column":3}}}},"branchMap":{"0":{"loc":{"start":{"line":25,"column":4},"end":{"line":60,"column":5}},"type":"switch","locations":[{"start":{"line":26,"column":6},"end":{"line":29,"column":7}},{"start":{"line":31,"column":6},"end":{"line":34,"column":7}},{"start":{"line":36,"column":6},"end":{"line":39,"column":7}},{"start":{"line":41,"column":6},"end":{"line":44,"column":7}},{"start":{"line":46,"column":6},"end":{"line":49,"column":7}},{"start":{"line":51,"column":6},"end":{"line":54,"column":7}},{"start":{"line":56,"column":6},"end":{"line":59,"column":7}}]},"1":{"loc":{"start":{"line":57,"column":18},"end":{"line":57,"column":78}},"type":"cond-expr","locations":[{"start":{"line":57,"column":50},"end":{"line":57,"column":61}},{"start":{"line":57,"column":64},"end":{"line":57,"column":78}}]},"2":{"loc":{"start":{"line":62,"column":4},"end":{"line":71,"column":5}},"type":"if","locations":[{"start":{"line":62,"column":4},"end":{"line":71,"column":5}}]},"3":{"loc":{"start":{"line":68,"column":23},"end":{"line":68,"column":73}},"type":"cond-expr","locations":[{"start":{"line":68,"column":55},"end":{"line":68,"column":66}},{"start":{"line":68,"column":69},"end":{"line":68,"column":73}}]},"4":{"loc":{"start":{"line":77,"column":19},"end":{"line":77,"column":69}},"type":"cond-expr","locations":[{"start":{"line":77,"column":51},"end":{"line":77,"column":62}},{"start":{"line":77,"column":65},"end":{"line":77,"column":69}}]}},"s":{"0":0,"1":0,"2":0,"3":0,"4":0,"5":0,"6":0,"7":0,"8":0,"9":0,"10":0,"11":0,"12":0,"13":0,"14":0,"15":0,"16":0,"17":0,"18":0,"19":0,"20":0,"21":0,"22":0,"23":0,"24":0,"25":0,"26":0,"27":0,"28":0,"29":0,"30":0},"f":{"0":0},"b":{"0":[0,0,0,0,0,0,0],"1":[0,0],"2":[0],"3":[0,0],"4":[0,0]}}
,"D:\\spomen\\api\\src\\common\\filters\\sentry.filter.ts": {"path":"D:\\spomen\\api\\src\\common\\filters\\sentry.filter.ts","statementMap":{"0":{"start":{"line":1,"column":0},"end":{"line":1,"column":91}},"1":{"start":{"line":2,"column":0},"end":{"line":2,"column":53}},"2":{"start":{"line":3,"column":0},"end":{"line":3,"column":50}},"3":{"start":{"line":7,"column":7},"end":{"line":15,"column":null}},"4":{"start":{"line":9,"column":4},"end":{"line":13,"column":5}},"5":{"start":{"line":10,"column":6},"end":{"line":10,"column":null}},"6":{"start":{"line":12,"column":6},"end":{"line":12,"column":null}},"7":{"start":{"line":7,"column":13},"end":{"line":7,"column":25}},"8":{"start":{"line":7,"column":13},"end":{"line":15,"column":null}}},"fnMap":{"0":{"name":"(anonymous_1)","decl":{"start":{"line":8,"column":2},"end":{"line":8,"column":7}},"loc":{"start":{"line":8,"column":45},"end":{"line":14,"column":3}}}},"branchMap":{"0":{"loc":{"start":{"line":9,"column":4},"end":{"line":13,"column":5}},"type":"if","locations":[{"start":{"line":9,"column":4},"end":{"line":13,"column":5}},{"start":{"line":11,"column":11},"end":{"line":13,"column":5}}]}},"s":{"0":0,"1":0,"2":0,"3":0,"4":0,"5":0,"6":0,"7":0,"8":0},"f":{"0":0},"b":{"0":[0,0]}}
,"D:\\spomen\\api\\src\\common\\graphql\\index.d.ts": {"path":"D:\\spomen\\api\\src\\common\\graphql\\index.d.ts","statementMap":{},"fnMap":{},"branchMap":{},"s":{},"f":{},"b":{}}
,"D:\\spomen\\api\\src\\common\\mocks\\account.mock.ts": {"path":"D:\\spomen\\api\\src\\common\\mocks\\account.mock.ts","statementMap":{"0":{"start":{"line":5,"column":0},"end":{"line":5,"column":32}},"1":{"start":{"line":7,"column":13},"end":{"line":25,"column":null}},"2":{"start":{"line":27,"column":13},"end":{"line":43,"column":null}},"3":{"start":{"line":45,"column":13},"end":{"line":49,"column":null}}},"fnMap":{},"branchMap":{},"s":{"0":3,"1":3,"2":3,"3":3},"f":{},"b":{}}
,"D:\\spomen\\api\\src\\common\\mocks\\request.mock.ts": {"path":"D:\\spomen\\api\\src\\common\\mocks\\request.mock.ts","statementMap":{"0":{"start":{"line":3,"column":0},"end":{"line":3,"column":40}},"1":{"start":{"line":5,"column":38},"end":{"line":10,"column":26}},"2":{"start":{"line":6,"column":3},"end":{"line":10,"column":26}},"3":{"start":{"line":5,"column":13},"end":{"line":5,"column":38}}},"fnMap":{"0":{"name":"(anonymous_0)","decl":{"start":{"line":5,"column":38},"end":{"line":5,"column":50}},"loc":{"start":{"line":6,"column":3},"end":{"line":10,"column":26}}}},"branchMap":{},"s":{"0":0,"1":0,"2":0,"3":0},"f":{"0":0},"b":{}}
,"D:\\spomen\\api\\src\\common\\mocks\\token.mock.ts": {"path":"D:\\spomen\\api\\src\\common\\mocks\\token.mock.ts","statementMap":{"0":{"start":{"line":3,"column":13},"end":{"line":10,"column":null}},"1":{"start":{"line":12,"column":13},"end":{"line":12,"column":null}},"2":{"start":{"line":14,"column":13},"end":{"line":17,"column":null}},"3":{"start":{"line":19,"column":13},"end":{"line":21,"column":null}}},"fnMap":{},"branchMap":{},"s":{"0":0,"1":0,"2":0,"3":0},"f":{},"b":{}}
,"D:\\spomen\\api\\src\\common\\mocks\\vk-id.mock.ts": {"path":"D:\\spomen\\api\\src\\common\\mocks\\vk-id.mock.ts","statementMap":{"0":{"start":{"line":3,"column":13},"end":{"line":3,"column":null}},"1":{"start":{"line":5,"column":13},"end":{"line":12,"column":null}},"2":{"start":{"line":14,"column":13},"end":{"line":16,"column":null}},"3":{"start":{"line":15,"column":2},"end":{"line":15,"column":null}},"4":{"start":{"line":18,"column":13},"end":{"line":24,"column":null}}},"fnMap":{"0":{"name":"(anonymous_0)","decl":{"start":{"line":14,"column":62},"end":{"line":14,"column":65}},"loc":{"start":{"line":14,"column":67},"end":{"line":16,"column":1}}}},"branchMap":{},"s":{"0":0,"1":0,"2":0,"3":0,"4":0},"f":{"0":0},"b":{}}
,"D:\\spomen\\api\\src\\core\\config\\config.schema.ts": {"path":"D:\\spomen\\api\\src\\core\\config\\config.schema.ts","statementMap":{"0":{"start":{"line":1,"column":0},"end":{"line":1,"column":37}},"1":{"start":{"line":2,"column":0},"end":{"line":2,"column":26}},"2":{"start":{"line":7,"column":21},"end":{"line":43,"column":2}},"3":{"start":{"line":45,"column":0},"end":{"line":45,"column":null}}},"fnMap":{},"branchMap":{},"s":{"0":9,"1":9,"2":9,"3":9},"f":{},"b":{}}
,"D:\\spomen\\api\\src\\core\\config\\config.service.ts": {"path":"D:\\spomen\\api\\src\\core\\config\\config.service.ts","statementMap":{"0":{"start":{"line":1,"column":0},"end":{"line":1,"column":61}},"1":{"start":{"line":2,"column":0},"end":{"line":2,"column":43}},"2":{"start":{"line":10,"column":7},"end":{"line":57,"column":null}},"3":{"start":{"line":15,"column":4},"end":{"line":15,"column":null}},"4":{"start":{"line":25,"column":4},"end":{"line":25,"column":null}},"5":{"start":{"line":32,"column":4},"end":{"line":32,"column":null}},"6":{"start":{"line":39,"column":4},"end":{"line":39,"column":null}},"7":{"start":{"line":46,"column":4},"end":{"line":46,"column":null}},"8":{"start":{"line":53,"column":4},"end":{"line":55,"column":null}},"9":{"start":{"line":10,"column":13},"end":{"line":10,"column":26}},"10":{"start":{"line":10,"column":13},"end":{"line":57,"column":null}}},"fnMap":{"0":{"name":"(anonymous_2)","decl":{"start":{"line":14,"column":2},"end":{"line":14,"column":null}},"loc":{"start":{"line":14,"column":2},"end":{"line":16,"column":3}}},"1":{"name":"(anonymous_3)","decl":{"start":{"line":24,"column":2},"end":{"line":24,"column":6}},"loc":{"start":{"line":24,"column":31},"end":{"line":26,"column":3}}},"2":{"name":"(anonymous_4)","decl":{"start":{"line":31,"column":2},"end":{"line":31,"column":6}},"loc":{"start":{"line":31,"column":18},"end":{"line":33,"column":3}}},"3":{"name":"(anonymous_5)","decl":{"start":{"line":38,"column":2},"end":{"line":38,"column":6}},"loc":{"start":{"line":38,"column":17},"end":{"line":40,"column":3}}},"4":{"name":"(anonymous_6)","decl":{"start":{"line":45,"column":2},"end":{"line":45,"column":6}},"loc":{"start":{"line":45,"column":10},"end":{"line":47,"column":3}}},"5":{"name":"(anonymous_7)","decl":{"start":{"line":52,"column":2},"end":{"line":52,"column":6}},"loc":{"start":{"line":52,"column":17},"end":{"line":56,"column":3}}}},"branchMap":{"0":{"loc":{"start":{"line":53,"column":11},"end":{"line":55,"column":25}},"type":"cond-expr","locations":[{"start":{"line":54,"column":8},"end":{"line":54,"column":60}},{"start":{"line":55,"column":8},"end":{"line":55,"column":25}}]}},"s":{"0":9,"1":9,"2":9,"3":4,"4":8,"5":1,"6":1,"7":1,"8":0,"9":9,"10":9},"f":{"0":4,"1":8,"2":1,"3":1,"4":1,"5":0},"b":{"0":[0,0]}}
,"D:\\spomen\\api\\src\\upload\\upload.controller.ts": {"path":"D:\\spomen\\api\\src\\upload\\upload.controller.ts","statementMap":{"0":{"start":{"line":1,"column":0},"end":{"line":1,"column":null}},"1":{"start":{"line":12,"column":0},"end":{"line":12,"column":50}},"2":{"start":{"line":15,"column":0},"end":{"line":15,"column":34}},"3":{"start":{"line":18,"column":0},"end":{"line":18,"column":42}},"4":{"start":{"line":19,"column":0},"end":{"line":19,"column":42}},"5":{"start":{"line":22,"column":0},"end":{"line":22,"column":48}},"6":{"start":{"line":25,"column":0},"end":{"line":25,"column":39}},"7":{"start":{"line":29,"column":0},"end":{"line":29,"column":48}},"8":{"start":{"line":32,"column":0},"end":{"line":32,"column":47}},"9":{"start":{"line":38,"column":7},"end":{"line":108,"column":null}},"10":{"start":{"line":43,"column":31},"end":{"line":43,"column":39}},"11":{"start":{"line":60,"column":19},"end":{"line":60,"column":59}},"12":{"start":{"line":62,"column":4},"end":{"line":62,"column":null}},"13":{"start":{"line":78,"column":42},"end":{"line":78,"column":45}},"14":{"start":{"line":80,"column":19},"end":{"line":91,"column":6}},"15":{"start":{"line":93,"column":4},"end":{"line":93,"column":null}},"16":{"start":{"line":102,"column":4},"end":{"line":104,"column":5}},"17":{"start":{"line":103,"column":6},"end":{"line":103,"column":null}},"18":{"start":{"line":106,"column":4},"end":{"line":106,"column":null}},"19":{"start":{"line":38,"column":13},"end":{"line":38,"column":29}},"20":{"start":{"line":55,"column":8},"end":{"line":63,"column":null}},"21":{"start":{"line":74,"column":8},"end":{"line":94,"column":null}},"22":{"start":{"line":38,"column":13},"end":{"line":108,"column":null}}},"fnMap":{"0":{"name":"(anonymous_4)","decl":{"start":{"line":43,"column":2},"end":{"line":43,"column":31}},"loc":{"start":{"line":43,"column":52},"end":{"line":44,"column":3}}},"1":{"name":"(anonymous_5)","decl":{"start":{"line":55,"column":2},"end":{"line":55,"column":7}},"loc":{"start":{"line":58,"column":45},"end":{"line":63,"column":3}}},"2":{"name":"(anonymous_6)","decl":{"start":{"line":74,"column":2},"end":{"line":74,"column":7}},"loc":{"start":{"line":76,"column":27},"end":{"line":94,"column":3}}},"3":{"name":"(anonymous_7)","decl":{"start":{"line":101,"column":10},"end":{"line":101,"column":20}},"loc":{"start":{"line":101,"column":42},"end":{"line":107,"column":3}}}},"branchMap":{"0":{"loc":{"start":{"line":83,"column":13},"end":{"line":83,"column":48}},"type":"binary-expr","locations":[{"start":{"line":83,"column":13},"end":{"line":83,"column":42}},{"start":{"line":83,"column":46},"end":{"line":83,"column":48}}]},"1":{"loc":{"start":{"line":102,"column":4},"end":{"line":104,"column":5}},"type":"if","locations":[{"start":{"line":102,"column":4},"end":{"line":104,"column":5}}]}},"s":{"0":1,"1":1,"2":1,"3":1,"4":1,"5":1,"6":1,"7":1,"8":1,"9":1,"10":0,"11":0,"12":0,"13":0,"14":0,"15":0,"16":0,"17":0,"18":0,"19":1,"20":1,"21":1,"22":1},"f":{"0":0,"1":0,"2":0,"3":0},"b":{"0":[0,0],"1":[0]}}
,"D:\\spomen\\api\\src\\upload\\upload.repository.ts": {"path":"D:\\spomen\\api\\src\\upload\\upload.repository.ts","statementMap":{"0":{"start":{"line":2,"column":0},"end":{"line":2,"column":45}},"1":{"start":{"line":3,"column":0},"end":{"line":3,"column":43}},"2":{"start":{"line":23,"column":7},"end":{"line":149,"column":null}},"3":{"start":{"line":28,"column":31},"end":{"line":28,"column":39}},"4":{"start":{"line":35,"column":4},"end":{"line":35,"column":null}},"5":{"start":{"line":48,"column":27},"end":{"line":48,"column":31}},"6":{"start":{"line":50,"column":4},"end":{"line":72,"column":null}},"7":{"start":{"line":87,"column":4},"end":{"line":87,"column":null}},"8":{"start":{"line":96,"column":4},"end":{"line":96,"column":null}},"9":{"start":{"line":105,"column":4},"end":{"line":105,"column":null}},"10":{"start":{"line":114,"column":4},"end":{"line":114,"column":null}},"11":{"start":{"line":125,"column":4},"end":{"line":125,"column":null}},"12":{"start":{"line":137,"column":4},"end":{"line":147,"column":null}},"13":{"start":{"line":23,"column":13},"end":{"line":23,"column":29}},"14":{"start":{"line":23,"column":13},"end":{"line":149,"column":null}}},"fnMap":{"0":{"name":"(anonymous_2)","decl":{"start":{"line":28,"column":2},"end":{"line":28,"column":31}},"loc":{"start":{"line":28,"column":52},"end":{"line":29,"column":3}}},"1":{"name":"(anonymous_3)","decl":{"start":{"line":34,"column":2},"end":{"line":34,"column":6}},"loc":{"start":{"line":34,"column":11},"end":{"line":36,"column":3}}},"2":{"name":"(anonymous_4)","decl":{"start":{"line":44,"column":2},"end":{"line":44,"column":7}},"loc":{"start":{"line":46,"column":26},"end":{"line":73,"column":3}}},"3":{"name":"(anonymous_5)","decl":{"start":{"line":80,"column":2},"end":{"line":80,"column":7}},"loc":{"start":{"line":85,"column":5},"end":{"line":88,"column":3}}},"4":{"name":"(anonymous_6)","decl":{"start":{"line":95,"column":2},"end":{"line":95,"column":7}},"loc":{"start":{"line":95,"column":40},"end":{"line":97,"column":3}}},"5":{"name":"(anonymous_7)","decl":{"start":{"line":104,"column":2},"end":{"line":104,"column":7}},"loc":{"start":{"line":104,"column":40},"end":{"line":106,"column":3}}},"6":{"name":"(anonymous_8)","decl":{"start":{"line":113,"column":2},"end":{"line":113,"column":7}},"loc":{"start":{"line":113,"column":40},"end":{"line":115,"column":3}}},"7":{"name":"(anonymous_9)","decl":{"start":{"line":122,"column":2},"end":{"line":122,"column":7}},"loc":{"start":{"line":123,"column":45},"end":{"line":126,"column":3}}},"8":{"name":"(anonymous_10)","decl":{"start":{"line":133,"column":2},"end":{"line":133,"column":7}},"loc":{"start":{"line":136,"column":36},"end":{"line":148,"column":3}}}},"branchMap":{"0":{"loc":{"start":{"line":51,"column":13},"end":{"line":59,"column":19}},"type":"cond-expr","locations":[{"start":{"line":52,"column":10},"end":{"line":58,"column":null}},{"start":{"line":59,"column":10},"end":{"line":59,"column":19}}]},"1":{"loc":{"start":{"line":53,"column":15},"end":{"line":53,"column":52}},"type":"cond-expr","locations":[{"start":{"line":53,"column":29},"end":{"line":53,"column":40}},{"start":{"line":53,"column":43},"end":{"line":53,"column":52}}]},"2":{"loc":{"start":{"line":54,"column":16},"end":{"line":54,"co
[...]
,"column":null}},"130":{"start":{"line":582,"column":4},"end":{"line":582,"column":null}},"131":{"start":{"line":584,"column":4},"end":{"line":586,"column":5}},"132":{"start":{"line":585,"column":6},"end":{"line":585,"column":null}},"133":{"start":{"line":588,"column":4},"end":{"line":591,"column":null}},"134":{"start":{"line":52,"column":13},"end":{"line":52,"column":26}},"135":{"start":{"line":52,"column":13},"end":{"line":593,"column":null}}},"fnMap":{"0":{"name":"(anonymous_4)","decl":{"start":{"line":88,"column":2},"end":{"line":88,"column":null}},"loc":{"start":{"line":92,"column":35},"end":{"line":99,"column":3}}},"1":{"name":"(anonymous_5)","decl":{"start":{"line":104,"column":2},"end":{"line":104,"column":7}},"loc":{"start":{"line":104,"column":20},"end":{"line":123,"column":3}}},"2":{"name":"(anonymous_6)","decl":{"start":{"line":130,"column":2},"end":{"line":130,"column":7}},"loc":{"start":{"line":131,"column":33},"end":{"line":149,"column":3}}},"3":{"name":"(anonymous_7)","decl":{"start":{"line":156,"column":2},"end":{"line":156,"column":7}},"loc":{"start":{"line":161,"column":35},"end":{"line":197,"column":3}}},"4":{"name":"(anonymous_8)","decl":{"start":{"line":206,"column":2},"end":{"line":206,"column":7}},"loc":{"start":{"line":209,"column":27},"end":{"line":225,"column":3}}},"5":{"name":"(anonymous_9)","decl":{"start":{"line":233,"column":2},"end":{"line":233,"column":7}},"loc":{"start":{"line":235,"column":27},"end":{"line":256,"column":3}}},"6":{"name":"(anonymous_10)","decl":{"start":{"line":268,"column":2},"end":{"line":268,"column":7}},"loc":{"start":{"line":271,"column":17},"end":{"line":312,"column":3}}},"7":{"name":"(anonymous_11)","decl":{"start":{"line":325,"column":2},"end":{"line":325,"column":7}},"loc":{"start":{"line":331,"column":33},"end":{"line":391,"column":3}}},"8":{"name":"(anonymous_12)","decl":{"start":{"line":398,"column":2},"end":{"line":398,"column":7}},"loc":{"start":{"line":398,"column":29},"end":{"line":439,"column":3}}},"9":{"name":"(anonymous_13)","decl":{"start":{"line":446,"column":2},"end":{"line":446,"column":7}},"loc":{"start":{"line":446,"column":42},"end":{"line":453,"column":3}}},"10":{"name":"(anonymous_14)","decl":{"start":{"line":449,"column":28},"end":{"line":449,"column":29}},"loc":{"start":{"line":449,"column":59},"end":{"line":449,"column":67}}},"11":{"name":"(anonymous_15)","decl":{"start":{"line":460,"column":10},"end":{"line":460,"column":15}},"loc":{"start":{"line":465,"column":47},"end":{"line":494,"column":3}}},"12":{"name":"(anonymous_16)","decl":{"start":{"line":467,"column":33},"end":{"line":467,"column":34}},"loc":{"start":{"line":467,"column":43},"end":{"line":467,"column":60}}},"13":{"name":"(anonymous_17)","decl":{"start":{"line":503,"column":10},"end":{"line":503,"column":19}},"loc":{"start":{"line":503,"column":49},"end":{"line":505,"column":3}}},"14":{"name":"(anonymous_18)","decl":{"start":{"line":513,"column":10},"end":{"line":513,"column":15}},"loc":{"start":{"line":515,"column":16},"end":{"line":522,"column":3}}},"15":{"name":"(anonymous_19)","decl":{"start":{"line":530,"column":10},"end":{"line":530,"column":15}},"loc":{"start":{"line":532,"column":27},"end":{"line":543,"column":3}}},"16":{"name":"(anonymous_20)","decl":{"start":{"line":534,"column":24},"end":{"line":534,"column":25}},"loc":{"start":{"line":534,"column":34},"end":{"line":534,"column":58}}},"17":{"name":"(anonymous_21)","decl":{"start":{"line":539,"column":6},"end":{"line":539,"column":7}},"loc":{"start":{"line":539,"column":16},"end":{"line":539,"column":73}}},"18":{"name":"(anonymous_22)","decl":{"start":{"line":550,"column":10},"end":{"line":550,"column":23}},"loc":{"start":{"line":550,"column":34},"end":{"line":552,"column":3}}},"19":{"name":"(anonymous_23)","decl":{"start":{"line":559,"column":10},"end":{"line":559,"column":15}},"loc":{"start":{"line":559,"column":41},"end":{"line":571,"column":3}}},"20":{"name":"(anonymous_24)","decl":{"start":{"line":578,"column":10},"end":{"line":578,"column":15}},"loc":{"start":{"line":580,"column":25},"end":{"line":592,"column":3}}}},"branchMap":{"0":{"loc":{"start":{"line":108,"column":4},"end":{"line":114,"column":5}},"type":"if","locations":[{"start":{"line":108,"column":4},"end":{"line":114,"column":5}}]},"1":{"loc":{"start":{"line":116,"column":4},"end":{"line":122,"column":5}},"type":"if","locations":[{"start":{"line":116,"column":4},"end":{"line":122,"column":5}}]},"2":{"loc":{"start":{"line":142,"column":6},"end":{"line":143,"column":null}},"type":"if","locations":[{"start":{"line":142,"column":6},"end":{"line":143,"column":null}}]},"3":{"loc":{"start":{"line":163,"column":4},"end":{"line":188,"column":5}},"type":"if","locations":[{"start":{"line":163,"column":4},"end":{"line":188,"column":5}},{"start":{"line":177,"column":11},"end":{"line":188,"column":5}}]},"4":{"loc":{"start":{"line":164,"column":6},"end":{"line":176,"column":7}},"type":"if","locations":[{"start":{"line":164,"column":6},"end":{"line":176,"column":7}}]},"5":{"loc":{"start":{"line":165,"column":8},"end":{"line":167,"column":45}},"type":"binary-expr","locations":[{"start":{"line":165,"column":8},"end":{"line":165,"column":21}},{"start":{"line":166,"column":8},"end":{"line":166,"column":24}},{"start":{"line":167,"column":8},"end":{"line":167,"column":45}}]},"6":{"loc":{"start":{"line":183,"column":6},"end":{"line":187,"column":7}},"type":"if","locations":[{"start":{"line":183,"column":6},"end":{"line":187,"column":7}}]},"7":{"loc":{"start":{"line":211,"column":4},"end":{"line":215,"column":5}},"type":"if","locations":[{"start":{"line":211,"column":4},"end":{"line":215,"column":5}}]},"8":{"loc":{"start":{"line":212,"column":6},"end":{"line":214,"column":7}},"type":"if","locations":[{"start":{"line":212,"column":6},"end":{"line":214,"column":7}}]},"9":{"loc":{"start":{"line":212,"column":10},"end":{"line":212,"column":61}},"type":"binary-expr","locations":[{"start":{"line":212,"column":10},"end":{"line":212,"column":24}},{"start":{"line":212,"column":28},"end":{"line":212,"column":61}}]},"10":{"loc":{"start":{"line":237,"column":4},"end":{"line":239,"column":5}},"type":"if","locations":[{"start":{"line":237,"column":4},"end":{"line":239,"column":5}}]},"11":{"loc":{"start":{"line":243,"column":4},"end":{"line":243,"column":null}},"type":"if","locations":[{"start":{"line":243,"column":4},"end":{"line":243,"column":null}}]},"12":{"loc":{"start":{"line":245,"column":4},"end":{"line":247,"column":5}},"type":"if","locations":[{"start":{"line":245,"column":4},"end":{"line":247,"column":5}}]},"13":{"loc":{"start":{"line":245,"column":8},"end":{"line":245,"column":76}},"type":"binary-expr","locations":[{"start":{"line":245,"column":8},"end":{"line":245,"column":45}},{"start":{"line":245,"column":49},"end":{"line":245,"column":76}}]},"14":{"loc":{"start":{"line":275,"column":4},"end":{"line":277,"column":5}},"type":"if","locations":[{"start":{"line":275,"column":4},"end":{"line":277,"column":5}}]},"15":{"loc":{"start":{"line":282,"column":4},"end":{"line":284,"column":5}},"type":"if","locations":[{"start":{"line":282,"column":4},"end":{"line":284,"column":5}}]},"16":{"loc":{"start":{"line":289,"column":4},"end":{"line":300,"column":5}},"type":"if","locations":[{"start":{"line":289,"column":4},"end":{"line":300,"column":5}}]},"17":{"loc":{"start":{"line":305,"column":9},"end":{"line":306,"column":29}},"type":"binary-expr","locations":[{"start":{"line":305,"column":9},"end":{"line":305,"column":59}},{"start":{"line":306,"column":8},"end":{"line":306,"column":29}}]},"18":{"loc":{"start":{"line":330,"column":18},"end":{"line":330,"column":34}},"type":"default-arg","locations":[{"start":{"line":330,"column":29},"end":{"line":330,"column":34}}]},"19":{"loc":{"start":{"line":333,"column":4},"end":{"line":343,"column":5}},"type":"if","locations":[{"start":{"line":333,"column":4},"end":{"line":343,"column":5}}]},"20":{"loc":{"start":{"line":333,"column":8},"end":{"line":333,"column":52}},"type":"binary-expr","locations":[{"start":{"line":333,"column":8},"end":{"line":333,"column":17}},{"start":{"line":333,"column":21},"end":{"line":333,"column":52}}]},"21":{"loc":{"start":{"line":358,"column":11},"end":{"line":358,"column":26}},"type":"binary-expr","locations":[{"start":{"line":358,"column":11},"end":{"line":358,"column":14}},{"start":{"line":358,"column":18},"end":{"line":358,"column":26}}]},"22":{"loc":{"start":{"line":359,"column":22},"end":{"line":359,"column":56}},"type":"binary-expr","locations":[{"start":{"line":359,"column":22},"end":{"line":359,"column":31}},{"start":{"line":359,"column":35},"end":{"line":359,"column":56}}]},"23":{"loc":{"start":{"line":382,"column":20},"end":{"line":382,"column":42}},"type":"binary-expr","locations":[{"start":{"line":382,"column":20},"end":{"line":382,"column":23}},{"start":{"line":382,"column":27},"end":{"line":382,"column":42}}]},"24":{"loc":{"start":{"line":385,"column":4},"end":{"line":388,"column":5}},"type":"if","locations":[{"start":{"line":385,"column":4},"end":{"line":388,"column":5}}]},"25":{"loc":{"start":{"line":401,"column":4},"end":{"line":403,"column":5}},"type":"if","locations":[{"start":{"line":401,"column":4},"end":{"line":403,"column":5}}]},"26":{"loc":{"start":{"line":406,"column":4},"end":{"line":408,"column":5}},"type":"if","locations":[{"start":{"line":406,"column":4},"end":{"line":408,"column":5}}]},"27":{"loc":{"start":{"line":467,"column":16},"end":{"line":469,"column":54}},"type":"cond-expr","locations":[{"start":{"line":468,"column":8},"end":{"line":468,"column":58}},{"start":{"line":469,"column":8},"end":{"line":469,"column":54}}]},"28":{"loc":{"start":{"line":503,"column":20},"end":{"line":503,"column":49}},"type":"default-arg","locations":[{"start":{"line":503,"column":34},"end":{"line":503,"column":49}}]},"29":{"loc":{"start":{"line":504,"column":11},"end":{"line":504,"column":61}},"type":"cond-expr","locations":[{"start":{"line":504,"column":30},"end":{"line":504,"column":41}},{"start":{"line":504,"column":44},"end":{"line":504,"column":61}}]},"30":{"loc":{"start":{"line":534,"column":4},"end":{"line":536,"column":5}},"type":"if","locations":[{"start":{"line":534,"column":4},"end":{"line":536,"column":5}}]},"31":{"loc":{"start":{"line":539,"column":16},"end":{"line":539,"column":73}},"type":"binary-expr","locations":[{"start":{"line":539,"column":16},"end":{"line":539,"column":42}},{"start":{"line":539,"column":46},"end":{"line":539,"column":73}}]},"32":{"loc":{"start":{"line":566,"column":4},"end":{"line":568,"column":5}},"type":"if","locations":[{"start":{"line":566,"column":4},"end":{"line":568,"column":5}}]},"33":{"loc":{"start":{"line":584,"column":4},"end":{"line":586,"column":5}},"type":"if","locations":[{"start":{"line":584,"column":4},"end":{"line":586,"column":5}}]}},"s":{"0":7,"1":7,"2":7,"3":7,"4":7,"5":7,"6":7,"7":7,"8":7,"9":7,"10":7,"11":7,"12":7,"13":7,"14":7,"15":0,"16":0,"17":0,"18":0,"19":0,"20":0,"21":0,"22":0,"23":0,"24":0,"25":0,"26":0,"27":0,"28":0,"29":0,"30":0,"31":0,"32":0,"33":0,"34":0,"35":0,"36":0,"37":0,"38":0,"39":0,"40":0,"41":0,"42":0,"43":0,"44":0,"45":0,"46":0,"47":0,"48":0,"49":0,"50":0,"51":0,"52":0,"53":0,"54":0,"55":0,"56":0,"57":0,"58":0,"59":0,"60":0,"61":0,"62":0,"63":0,"64":0,"65":0,"66":0,"67":0,"68":0,"69":0,"70":0,"71":0,"72":0,"73":0,"74":0,"75":0,"76":0,"77":0,"78":0,"79":0,"80":0,"81":0,"82":0,"83":0,"84":0,"85":0,"86":0,"87":0,"88":0,"89":0,"90":0,"91":0,"92":0,"93":0,"94":0,"95":0,"96":0,"97":0,"98":0,"99":0,"100":0,"101":0,"102":0,"103":0,"104":0,"105":0,"106":0,"107":0,"108":0,"109":0,"110":0,"111":0,"112":0,"113":0,"114":0,"115":0,"116":0,"117":0,"118":0,"119":0,"120":0,"121":0,"122":0,"123":0,"124":0,"125":0,"126":0,"127":0,"128":0,"129":0,"130":0,"131":0,"132":0,"133":0,"134":7,"135":7},"f":{"0":0,"1":0,"2":0,"3":0,"4":0,"5":0,"6":0,"7":0,"8":0,"9":0,"10":0,"11":0,"12":0,"13":0,"14":0,"15":0,"16":0,"17":0,"18":0,"19":0,"20":0},"b":{"0":[0],"1":[0],"2":[0],"3":[0,0],"4":[0],"5":[0,0,0],"6":[0],"7":[0],"8":[0],"9":[0,0],"10":[0],"11":[0],"12":[0],"13":[0,0],"14":[0],"15":[0],"16":[0],"17":[0,0],"18":[0],"19":[0],"20":[0,0],"21":[0,0],"22":[0,0],"23":[0,0],"24":[0],"25":[0],"26":[0],"27":[0,0],"28":[0],"29":[0,0],"30":[0],"31":[0,0],"32":[0],"33":[0]}}
,"D:\\spomen\\api\\src\\upload\\dto\\get-uploads.dto.ts": {"path":"D:\\spomen\\api\\src\\upload\\dto\\get-uploads.dto.ts","statementMap":{"0":{"start":{"line":3,"column":0},"end":{"line":3,"column":62}},"1":{"start":{"line":9,"column":0},"end":{"line":9,"column":13}}},"fnMap":{},"branchMap":{},"s":{"0":0,"1":0},"f":{},"b":{}}
,"D:\\spomen\\api\\src\\upload\\dto\\put-file.dto.ts": {"path":"D:\\spomen\\api\\src\\upload\\dto\\put-file.dto.ts","statementMap":{"0":{"start":{"line":1,"column":0},"end":{"line":1,"column":null}},"1":{"start":{"line":9,"column":0},"end":{"line":9,"column":72}},"2":{"start":{"line":11,"column":0},"end":{"line":11,"column":43}},"3":{"start":{"line":16,"column":0},"end":{"line":16,"column":13}},"4":{"start":{"line":22,"column":2},"end":{"line":22,"column":null}},"5":{"start":{"line":29,"column":2},"end":{"line":29,"column":null}},"6":{"start":{"line":36,"column":2},"end":{"line":36,"column":null}},"7":{"start":{"line":43,"column":2},"end":{"line":43,"column":null}}},"fnMap":{},"branchMap":{},"s":{"0":1,"1":1,"2":1,"3":1,"4":1,"5":1,"6":1,"7":1},"f":{},"b":{}}
,"D:\\spomen\\api\\src\\vk-id\\vk-id.controller.ts": {"path":"D:\\spomen\\api\\src\\vk-id\\vk-id.controller.ts","statementMap":{"0":{"start":{"line":1,"column":0},"end":{"line":1,"column":null}},"1":{"start":{"line":14,"column":0},"end":{"line":14,"column":37}},"2":{"start":{"line":18,"column":0},"end":{"line":18,"column":49}},"3":{"start":{"line":19,"column":0},"end":{"line":19,"column":45}},"4":{"start":{"line":22,"column":0},"end":{"line":22,"column":42}},"5":{"start":{"line":23,"column":0},"end":{"line":23,"column":42}},"6":{"start":{"line":26,"column":0},"end":{"line":26,"column":52}},"7":{"start":{"line":33,"column":0},"end":{"line":33,"column":48}},"8":{"start":{"line":34,"column":0},"end":{"line":34,"column":48}},"9":{"start":{"line":35,"column":0},"end":{"line":35,"column":46}},"10":{"start":{"line":41,"column":7},"end":{"line":122,"column":null}},"11":{"start":{"line":48,"column":21},"end":{"line":48,"column":27}},"12":{"start":{"line":49,"column":21},"end":{"line":49,"column":27}},"13":{"start":{"line":63,"column":19},"end":{"line":74,"column":6}},"14":{"start":{"line":76,"column":4},"end":{"line":76,"column":null}},"15":{"start":{"line":78,"column":18},"end":{"line":78,"column":38}},"16":{"start":{"line":80,"column":4},"end":{"line":82,"column":5}},"17":{"start":{"line":81,"column":6},"end":{"line":81,"column":null}},"18":{"start":{"line":84,"column":4},"end":{"line":84,"column":null}},"19":{"start":{"line":100,"column":20},"end":{"line":103,"column":6}},"20":{"start":{"line":105,"column":4},"end":{"line":107,"column":null}},"21":{"start":{"line":116,"column":4},"end":{"line":118,"column":5}},"22":{"start":{"line":117,"column":6},"end":{"line":117,"column":null}},"23":{"start":{"line":120,"column":4},"end":{"line":120,"column":null}},"24":{"start":{"line":41,"column":13},"end":{"line":41,"column":27}},"25":{"start":{"line":59,"column":8},"end":{"line":85,"column":null}},"26":{"start":{"line":96,"column":2},"end":{"line":108,"column":null}},"27":{"start":{"line":41,"column":13},"end":{"line":122,"column":null}}},"fnMap":{"0":{"name":"(anonymous_4)","decl":{"start":{"line":47,"column":2},"end":{"line":47,"column":null}},"loc":{"start":{"line":49,"column":38},"end":{"line":50,"column":6}}},"1":{"name":"(anonymous_5)","decl":{"start":{"line":59,"column":2},"end":{"line":59,"column":7}},"loc":{"start":{"line":61,"column":54},"end":{"line":85,"column":3}}},"2":{"name":"(anonymous_6)","decl":{"start":{"line":96,"column":2},"end":{"line":96,"column":15}},"loc":{"start":{"line":98,"column":24},"end":{"line":108,"column":3}}},"3":{"name":"(anonymous_7)","decl":{"start":{"line":115,"column":10},"end":{"line":115,"column":20}},"loc":{"start":{"line":115,"column":42},"end":{"line":121,"column":3}}}},"branchMap":{"0":{"loc":{"start":{"line":80,"column":4},"end":{"line":82,"column":5}},"type":"if","locations":[{"start":{"line":80,"column":4},"end":{"line":82,"column":5}}]},"1":{"loc":{"start":{"line":116,"column":4},"end":{"line":118,"column":5}},"type":"if","locations":[{"start":{"line":116,"column":4},"end":{"line":118,"column":5}}]}},"s":{"0":0,"1":0,"2":0,"3":0,"4":0,"5":0,"6":0,"7":0,"8":0,"9":0,"10":0,"11":0,"12":0,"13":0,"14":0,"15":0,"16":0,"17":0,"18":0,"19":0,"20":0,"21":0,"22":0,"23":0,"24":0,"25":0,"26":0,"27":0},"f":{"0":0,"1":0,"2":0,"3":0},"b":{"0":[0],"1":[0]}}
,"D:\\spomen\\api\\src\\vk-id\\vk-id.service.ts": {"path":"D:\\spomen\\api\\src\\vk-id\\vk-id.service.ts","statementMap":{"0":{"start":{"line":1,"column":0},"end":{"line":1,"column":76}},"1":{"start":{"line":2,"column":0},"end":{"line":2,"column":43}},"2":{"start":{"line":3,"column":0},"end":{"line":3,"column":37}},"3":{"start":{"line":6,"column":0},"end":{"line":6,"column":44}},"4":{"start":{"line":19,"column":0},"end":{"line":19,"column":48}},"5":{"start":{"line":22,"column":0},"end":{"line":22,"column":38}},"6":{"start":{"line":28,"column":7},"end":{"line":97,"column":null}},"7":{"start":{"line":40,"column":21},"end":{"line":40,"column":29}},"8":{"start":{"line":41,"column":21},"end":{"line":41,"column":27}},"9":{"start":{"line":43,"column":4},"end":{"line":48,"column":null}},"10":{"start":{"line":62,"column":16},"end":{"line":62,"column":164}},"11":{"start":{"line":64,"column":16},"end":{"line":66,"column":30}},"12":{"start":{"line":66,"column":25},"end":{"line":66,"column":29}},"13":{"start":{"line":68,"column":4},"end":{"line":72,"column":5}},"14":{"start":{"line":69,"column":6},"end":{"line":69,"column":null}},"15":{"start":{"line":71,"column":6},"end":{"line":71,"column":null}},"16":{"start":{"line":83,"column":18},"end":{"line":83,"column":130}},"17":{"start":{"line":85,"column":16},"end":{"line":89,"column":30}},"18":{"start":{"line":89,"column":25},"end":{"line":89,"column":29}},"19":{"start":{"line":91,"column":4},"end":{"line":95,"column":5}},"20":{"start":{"line":92,"column":6},"end":{"line":92,"column":null}},"21":{"start":{"line":94,"column":6},"end":{"line":94,"column":null}},"22":{"start":{"line":28,"column":13},"end":{"line":28,"column":24}},"23":{"start":{"line":28,"column":13},"end":{"line":97,"column":null}}},"fnMap":{"0":{"name":"(anonymous_2)","decl":{"start":{"line":39,"column":2},"end":{"line":39,"column":null}},"loc":{"start":{"line":41,"column":38},"end":{"line":49,"column":3}}},"1":{"name":"(anonymous_3)","decl":{"start":{"line":56,"column":2},"end":{"line":56,"column":7}},"loc":{"start":{"line":59,"column":32},"end":{"line":73,"column":3}}},"2":{"name":"(anonymous_4)","decl":{"start":{"line":66,"column":11},"end":{"line":66,"column":12}},"loc":{"start":{"line":66,"column":25},"end":{"line":66,"column":29}}},"3":{"name":"(anonymous_5)","decl":{"start":{"line":80,"column":2},"end":{"line":80,"column":7}},"loc":{"start":{"line":81,"column":35},"end":{"line":96,"column":3}}},"4":{"name":"(anonymous_6)","decl":{"start":{"line":89,"column":11},"end":{"line":89,"column":12}},"loc":{"start":{"line":89,"column":25},"end":{"line":89,"column":29}}}},"branchMap":{"0":{"loc":{"start":{"line":68,"column":4},"end":{"line":72,"column":5}},"type":"if","locations":[{"start":{"line":68,"column":4},"end":{"line":72,"column":5}},{"start":{"line":70,"column":11},"end":{"line":72,"column":5}}]},"1":{"loc":{"start":{"line":91,"column":4},"end":{"line":95,"column":5}},"type":"if","locations":[{"start":{"line":91,"column":4},"end":{"line":95,"column":5}},{"start":{"line":93,"column":11},"end":{"line":95,"column":5}}]}},"s":{"0":1,"1":1,"2":1,"3":1,"4":1,"5":1,"6":1,"7":1,"8":1,"9":1,"10":0,"11":0,"12":0,"13":0,"14":0,"15":0,"16":0,"17":0,"18":0,"19":0,"20":0,"21":0,"22":1,"23":1},"f":{"0":1,"1":0,"2":0,"3":0,"4":0},"b":{"0":[0,0],"1":[0,0]}}
}
