TN:
SF:src\account\account.controller.ts
FN:39,(anonymous_4)
FN:50,(anonymous_5)
FN:59,(anonymous_6)
FN:86,(anonymous_7)
FN:93,(anonymous_8)
FN:108,(anonymous_9)
FNF:6
FNH:0
FNDA:0,(anonymous_4)
FNDA:0,(anonymous_5)
FNDA:0,(anonymous_6)
FNDA:0,(anonymous_7)
FNDA:0,(anonymous_8)
FNDA:0,(anonymous_9)
DA:1,1
DA:11,1
DA:13,1
DA:16,1
DA:19,1
DA:20,1
DA:24,1
DA:27,1
DA:28,1
DA:34,1
DA:39,0
DA:50,1
DA:54,0
DA:56,0
DA:59,0
DA:61,0
DA:64,0
DA:75,0
DA:86,1
DA:90,0
DA:93,0
DA:95,0
DA:98,0
DA:100,0
DA:109,0
DA:110,0
DA:113,0
LF:27
LH:12
BRDA:56,0,0,0
BRDA:57,1,0,0
BRDA:57,1,1,0
BRDA:57,1,2,0
BRDA:67,2,0,0
BRDA:67,2,1,0
BRDA:90,3,0,0
BRDA:91,4,0,0
BRDA:91,4,1,0
BRDA:91,4,2,0
BRDA:109,5,0,0
BRF:11
BRH:0
end_of_record
TN:
SF:src\account\account.repository.ts
FN:27,(anonymous_2)
FN:33,(anonymous_3)
FN:43,(anonymous_4)
FN:75,(anonymous_5)
FN:90,(anonymous_6)
FN:99,(anonymous_7)
FN:108,(anonymous_8)
FN:117,(anonymous_9)
FNF:8
FNH:4
FNDA:2,(anonymous_2)
FNDA:0,(anonymous_3)
FNDA:0,(anonymous_4)
FNDA:1,(anonymous_5)
FNDA:2,(anonymous_6)
FNDA:2,(anonymous_7)
FNDA:0,(anonymous_8)
FNDA:0,(anonymous_9)
DA:2,6
DA:3,6
DA:22,6
DA:27,2
DA:34,0
DA:47,0
DA:49,0
DA:82,1
DA:91,2
DA:100,2
DA:109,0
DA:120,0
LF:12
LH:7
BRDA:50,0,0,0
BRDA:50,0,1,0
BRDA:51,1,0,0
BRDA:51,1,1,0
BRDA:52,2,0,0
BRDA:52,2,1,0
BRDA:53,3,0,0
BRDA:53,3,1,0
BRDA:54,4,0,0
BRDA:54,4,1,0
BRDA:55,5,0,0
BRDA:55,5,1,0
BRDA:56,6,0,0
BRDA:56,6,1,0
BRDA:57,7,0,0
BRDA:57,7,1,0
BRF:16
BRH:0
end_of_record
TN:
SF:src\account\account.resolver.ts
FN:31,(anonymous_4)
FN:41,(anonymous_5)
FN:59,(anonymous_6)
FN:82,(anonymous_7)
FN:102,(anonymous_8)
FN:117,(anonymous_9)
FN:40,(anonymous_10)
FN:42,(anonymous_11)
FN:58,(anonymous_12)
FN:60,(anonymous_13)
FN:61,(anonymous_14)
FN:63,(anonymous_15)
FN:81,(anonymous_16)
FN:83,(anonymous_17)
FN:85,(anonymous_18)
FN:101,(anonymous_19)
FN:103,(anonymous_20)
FN:25,(anonymous_21)
FNF:18
FNH:0
FNDA:0,(anonymous_4)
FNDA:0,(anonymous_5)
FNDA:0,(anonymous_6)
FNDA:0,(anonymous_7)
FNDA:0,(anonymous_8)
FNDA:0,(anonymous_9)
FNDA:0,(anonymous_10)
FNDA:0,(anonymous_11)
FNDA:0,(anonymous_12)
FNDA:0,(anonymous_13)
FNDA:0,(anonymous_14)
FNDA:0,(anonymous_15)
FNDA:0,(anonymous_16)
FNDA:0,(anonymous_17)
FNDA:0,(anonymous_18)
FNDA:0,(anonymous_19)
FNDA:0,(anonymous_20)
FNDA:0,(anonymous_21)
DA:1,0
DA:2,0
DA:4,0
DA:12,0
DA:13,0
DA:16,0
DA:20,0
DA:25,0
DA:26,0
DA:31,0
DA:40,0
DA:41,0
DA:42,0
DA:45,0
DA:47,0
DA:58,0
DA:59,0
DA:60,0
DA:61,0
DA:63,0
DA:68,0
DA:70,0
DA:81,0
DA:82,0
DA:83,0
DA:85,0
DA:89,0
DA:91,0
DA:101,0
DA:102,0
DA:103,0
DA:107,0
DA:109,0
DA:118,0
DA:119,0
DA:122,0
LF:36
LH:0
BRDA:118,0,0,0
BRF:1
BRH:0
end_of_record
TN:
SF:src\account\account.service.ts
FN:42,(anonymous_2)
FN:53,(anonymous_3)
FN:79,(anonymous_4)
FN:100,(anonymous_5)
FN:115,(anonymous_6)
FN:146,(anonymous_7)
FN:172,(anonymous_8)
FN:233,(anonymous_9)
FN:263,(anonymous_10)
FNF:9
FNH:1
FNDA:1,(anonymous_2)
FNDA:0,(anonymous_3)
FNDA:0,(anonymous_4)
FNDA:0,(anonymous_5)
FNDA:0,(anonymous_6)
FNDA:0,(anonymous_7)
FNDA:0,(anonymous_8)
FNDA:0,(anonymous_9)
FNDA:0,(anonymous_10)
DA:1,5
DA:2,5
DA:12,5
DA:15,5
DA:18,5
DA:22,5
DA:26,5
DA:36,5
DA:43,1
DA:44,1
DA:56,0
DA:57,0
DA:65,0
DA:66,0
DA:68,0
DA:70,0
DA:85,0
DA:86,0
DA:91,0
DA:101,0
DA:102,0
DA:104,0
DA:120,0
DA:121,0
DA:122,0
DA:125,0
DA:126,0
DA:130,0
DA:131,0
DA:136,0
DA:150,0
DA:151,0
DA:152,0
DA:156,0
DA:157,0
DA:161,0
DA:177,0
DA:178,0
DA:180,0
DA:181,0
DA:185,0
DA:186,0
DA:188,0
DA:189,0
DA:192,0
DA:200,0
DA:201,0
DA:204,0
DA:205,0
DA:219,0
DA:221,0
DA:224,0
DA:237,0
DA:239,0
DA:240,0
DA:242,0
DA:243,0
DA:246,0
DA:247,0
DA:251,0
DA:252,0
DA:255,0
DA:264,0
DA:274,0
DA:275,0
DA:278,0
LF:66
LH:10
BRDA:65,0,0,0
BRDA:120,1,0,0
BRDA:120,2,0,0
BRDA:120,2,1,0
BRDA:121,3,0,0
BRDA:121,4,0,0
BRDA:121,4,1,0
BRDA:125,5,0,0
BRDA:125,6,0,0
BRDA:125,6,1,0
BRDA:150,7,0,0
BRDA:151,8,0,0
BRDA:151,9,0,0
BRDA:151,9,1,0
BRDA:177,10,0,0
BRDA:177,10,1,0
BRDA:180,11,0,0
BRDA:185,12,0,0
BRDA:185,13,0,0
BRDA:185,13,1,0
BRDA:188,14,0,0
BRDA:200,15,0,0
BRDA:214,16,0,0
BRDA:214,16,1,0
BRDA:237,17,0,0
BRDA:237,17,1,0
BRDA:239,18,0,0
BRDA:242,19,0,0
BRDA:246,20,0,0
BRDA:251,21,0,0
BRDA:274,22,0,0
BRF:31
BRH:0
end_of_record
TN:
SF:src\account\dto\get-accounts.dto.ts
FNF:0
FNH:0
DA:3,0
DA:8,0
LF:2
LH:0
BRF:0
BRH:0
end_of_record
TN:
SF:src\account\dto\remove-avatar.dto.ts
FNF:0
FNH:0
DA:1,1
DA:6,1
DA:12,1
LF:3
LH:3
BRF:0
BRH:0
end_of_record
TN:
SF:src\account\dto\upload-avatar.dto.ts
FNF:0
FNH:0
DA:1,1
DA:3,1
DA:13,1
DA:20,1
DA:27,1
LF:5
LH:5
BRF:0
BRH:0
end_of_record
TN:
SF:src\auth\auth.controller.ts
FN:46,(anonymous_4)
FN:55,(anonymous_5)
FN:67,(anonymous_6)
FN:96,(anonymous_7)
FN:119,(anonymous_8)
FN:144,(anonymous_9)
FN:167,(anonymous_10)
FN:176,(anonymous_11)
FNF:8
FNH:0
FNDA:0,(anonymous_4)
FNDA:0,(anonymous_5)
FNDA:0,(anonymous_6)
FNDA:0,(anonymous_7)
FNDA:0,(anonymous_8)
FNDA:0,(anonymous_9)
FNDA:0,(anonymous_10)
FNDA:0,(anonymous_11)
DA:1,1
DA:15,1
DA:16,1
DA:19,1
DA:20,1
DA:23,1
DA:26,1
DA:27,1
DA:31,1
DA:35,1
DA:41,1
DA:46,0
DA:55,1
DA:56,0
DA:67,1
DA:71,0
DA:73,0
DA:75,0
DA:77,0
DA:82,0
DA:96,1
DA:100,0
DA:105,0
DA:119,1
DA:123,0
DA:128,0
DA:130,0
DA:132,0
DA:144,1
DA:148,0
DA:150,0
DA:152,0
DA:154,0
DA:156,0
DA:167,1
DA:168,0
DA:177,0
DA:178,0
DA:181,0
LF:39
LH:17
BRDA:177,0,0,0
BRF:1
BRH:0
end_of_record
TN:
SF:src\auth\auth.service.ts
FN:44,(anonymous_2)
FN:60,(anonymous_3)
FN:105,(anonymous_4)
FN:126,(anonymous_5)
FN:162,(anonymous_6)
FN:252,(anonymous_7)
FN:270,(anonymous_8)
FN:295,(anonymous_9)
FN:304,(anonymous_10)
FN:353,(anonymous_11)
FN:381,(anonymous_12)
FNF:11
FNH:0
FNDA:0,(anonymous_2)
FNDA:0,(anonymous_3)
FNDA:0,(anonymous_4)
FNDA:0,(anonymous_5)
FNDA:0,(anonymous_6)
FNDA:0,(anonymous_7)
FNDA:0,(anonymous_8)
FNDA:0,(anonymous_9)
FNDA:0,(anonymous_10)
FNDA:0,(anonymous_11)
FNDA:0,(anonymous_12)
DA:1,3
DA:2,3
DA:3,3
DA:6,3
DA:7,3
DA:10,3
DA:11,3
DA:12,3
DA:15,3
DA:19,3
DA:31,3
DA:45,0
DA:46,0
DA:47,0
DA:49,0
DA:61,0
DA:63,0
DA:76,0
DA:77,0
DA:80,0
DA:92,0
DA:93,0
DA:96,0
DA:109,0
DA:113,0
DA:114,0
DA:117,0
DA:130,0
DA:132,0
DA:133,0
DA:136,0
DA:138,0
DA:147,0
DA:148,0
DA:151,0
DA:165,0
DA:169,0
DA:170,0
DA:172,0
DA:179,0
DA:181,0
DA:198,0
DA:199,0
DA:202,0
DA:214,0
DA:217,0
DA:228,0
DA:229,0
DA:232,0
DA:244,0
DA:256,0
DA:258,0
DA:259,0
DA:262,0
DA:271,0
DA:273,0
DA:274,0
DA:277,0
DA:296,0
DA:305,0
DA:309,0
DA:313,0
DA:320,0
DA:327,0
DA:354,0
DA:385,0
LF:66
LH:11
BRDA:50,0,0,0
BRDA:50,0,1,0
BRDA:67,1,0,0
BRDA:67,1,1,0
BRDA:76,2,0,0
BRDA:92,3,0,0
BRDA:113,4,0,0
BRDA:132,5,0,0
BRDA:147,6,0,0
BRDA:169,7,0,0
BRDA:187,8,0,0
BRDA:187,8,1,0
BRDA:198,9,0,0
BRDA:207,10,0,0
BRDA:207,10,1,0
BRDA:228,11,0,0
BRDA:258,12,0,0
BRDA:273,13,0,0
BRF:18
BRH:0
end_of_record
TN:
SF:src\auth\token.service.ts
FN:29,(anonymous_2)
FN:43,(anonymous_3)
FN:69,(anonymous_4)
FN:80,(anonymous_5)
FN:99,(anonymous_6)
FN:130,(anonymous_7)
FN:151,(anonymous_8)
FN:174,(anonymous_9)
FNF:8
FNH:0
FNDA:0,(anonymous_2)
FNDA:0,(anonymous_3)
FNDA:0,(anonymous_4)
FNDA:0,(anonymous_5)
FNDA:0,(anonymous_6)
FNDA:0,(anonymous_7)
FNDA:0,(anonymous_8)
FNDA:0,(anonymous_9)
DA:1,3
DA:3,3
DA:6,3
DA:7,3
DA:11,3
DA:17,3
DA:30,0
DA:31,0
DA:32,0
DA:34,0
DA:47,0
DA:48,0
DA:50,0
DA:51,0
DA:57,0
DA:60,0
DA:73,0
DA:75,0
DA:76,0
DA:79,0
DA:80,0
DA:83,0
DA:84,0
DA:90,0
DA:103,0
DA:105,0
DA:106,0
DA:109,0
DA:111,0
DA:113,0
DA:115,0
DA:131,0
DA:142,0
DA:155,0
DA:178,0
DA:180,0
DA:181,0
DA:183,0
DA:184,0
DA:189,0
DA:192,0
DA:197,0
DA:198,0
DA:200,0
DA:202,0
DA:203,0
DA:208,0
DA:211,0
DA:220,0
LF:49
LH:6
BRDA:45,0,0,0
BRDA:47,1,0,0
BRDA:50,2,0,0
BRDA:75,3,0,0
BRDA:83,4,0,0
BRDA:105,5,0,0
BRDA:113,6,0,0
BRDA:158,7,0,0
BRDA:158,7,1,0
BRDA:163,8,0,0
BRDA:163,8,1,0
BRDA:178,9,0,0
BRDA:178,9,1,0
BRDA:180,10,0,0
BRDA:183,11,0,0
BRDA:202,12,0,0
BRDA:213,13,0,0
BRDA:213,13,1,0
BRF:18
BRH:0
end_of_record
TN:
SF:src\auth\dto\logout.dto.ts
FNF:0
FNH:0
DA:1,0
LF:1
LH:0
BRF:0
BRH:0
end_of_record
TN:
SF:src\auth\dto\refresh-tokens.dto.ts
FNF:0
FNH:0
DA:1,0
LF:1
LH:0
BRF:0
BRH:0
end_of_record
TN:
SF:src\auth\dto\sign-up.dto.ts
FNF:0
FNH:0
DA:1,1
DA:13,1
DA:22,1
DA:32,1
DA:42,1
DA:52,1
DA:63,1
DA:73,1
LF:8
LH:8
BRF:0
BRH:0
end_of_record
TN:
SF:src\auth\strategies\jwt.strategy.ts
FN:30,(anonymous_2)
FN:36,(anonymous_3)
FN:50,(anonymous_4)
FNF:3
FNH:0
FNDA:0,(anonymous_2)
FNDA:0,(anonymous_3)
FNDA:0,(anonymous_4)
DA:1,0
DA:2,0
DA:3,0
DA:8,0
DA:9,0
DA:12,0
DA:16,0
DA:24,0
DA:31,0
DA:32,0
DA:34,0
DA:37,0
DA:51,0
DA:53,0
DA:54,0
DA:57,0
LF:16
LH:0
BRDA:53,0,0,0
BRF:1
BRH:0
end_of_record
TN:
SF:src\auth\strategies\local.strategy.ts
FN:24,(anonymous_2)
FN:35,(anonymous_3)
FNF:2
FNH:2
FNDA:1,(anonymous_2)
FNDA:1,(anonymous_3)
DA:1,1
DA:2,1
DA:3,1
DA:6,1
DA:10,1
DA:13,1
DA:19,1
DA:24,1
DA:25,1
DA:36,1
DA:38,1
DA:39,0
DA:42,1
LF:13
LH:12
BRDA:38,0,0,0
BRF:1
BRH:0
end_of_record
TN:
SF:src\auth\strategies\refresh.strategy.ts
FN:30,(anonymous_2)
FN:36,(anonymous_3)
FN:51,(anonymous_4)
FN:62,(anonymous_5)
FNF:4
FNH:0
FNDA:0,(anonymous_2)
FNDA:0,(anonymous_3)
FNDA:0,(anonymous_4)
FNDA:0,(anonymous_5)
DA:1,0
DA:2,0
DA:3,0
DA:8,0
DA:9,0
DA:12,0
DA:17,0
DA:24,0
DA:31,0
DA:32,0
DA:34,0
DA:37,0
DA:55,0
DA:57,0
DA:58,0
DA:61,0
DA:62,0
DA:65,0
DA:66,0
DA:69,0
LF:20
LH:0
BRDA:57,0,0,0
BRDA:65,1,0,0
BRF:2
BRH:0
end_of_record
TN:
SF:src\auth\strategies\vk-id.strategy.ts
FN:20,(anonymous_2)
FN:30,(anonymous_3)
FNF:2
FNH:0
FNDA:0,(anonymous_2)
FNDA:0,(anonymous_3)
DA:1,0
DA:7,0
DA:8,0
DA:12,0
DA:13,0
DA:15,0
DA:16,0
DA:19,0
DA:21,0
DA:22,0
DA:24,0
DA:31,0
DA:36,0
DA:37,0
DA:40,0
DA:46,0
DA:47,0
DA:50,0
DA:55,0
DA:56,0
DA:59,0
LF:21
LH:0
BRDA:36,0,0,0
BRDA:46,1,0,0
BRDA:55,2,0,0
BRF:3
BRH:0
end_of_record
TN:
SF:src\common\filters\handled-exception.filter.ts
FN:17,(anonymous_1)
FNF:1
FNH:0
FNDA:0,(anonymous_1)
DA:1,0
DA:9,0
DA:11,0
DA:13,0
DA:16,0
DA:18,0
DA:19,0
DA:20,0
DA:21,0
DA:23,0
DA:25,0
DA:27,0
DA:28,0
DA:32,0
DA:33,0
DA:37,0
DA:38,0
DA:42,0
DA:43,0
DA:47,0
DA:48,0
DA:52,0
DA:53,0
DA:57,0
DA:58,0
DA:62,0
DA:63,0
DA:65,0
DA:73,0
LF:29
LH:0
BRDA:25,0,0,0
BRDA:25,0,1,0
BRDA:25,0,2,0
BRDA:25,0,3,0
BRDA:25,0,4,0
BRDA:25,0,5,0
BRDA:25,0,6,0
BRDA:57,1,0,0
BRDA:57,1,1,0
BRDA:62,2,0,0
BRDA:68,3,0,0
BRDA:68,3,1,0
BRDA:77,4,0,0
BRDA:77,4,1,0
BRF:14
BRH:0
end_of_record
TN:
SF:src\common\filters\sentry.filter.ts
FN:8,(anonymous_1)
FNF:1
FNH:0
FNDA:0,(anonymous_1)
DA:1,0
DA:2,0
DA:3,0
DA:7,0
DA:9,0
DA:10,0
DA:12,0
LF:7
LH:0
BRDA:9,0,0,0
BRDA:9,0,1,0
BRF:2
BRH:0
end_of_record
TN:
SF:src\common\graphql\index.d.ts
FNF:0
FNH:0
LF:0
LH:0
BRF:0
BRH:0
end_of_record
TN:
SF:src\common\mocks\account.mock.ts
FNF:0
FNH:0
DA:5,3
DA:7,3
DA:27,3
DA:45,3
LF:4
LH:4
BRF:0
BRH:0
end_of_record
TN:
SF:src\common\mocks\request.mock.ts
FN:5,(anonymous_0)
FNF:1
FNH:0
FNDA:0,(anonymous_0)
DA:3,0
DA:5,0
DA:6,0
LF:3
LH:0
BRF:0
BRH:0
end_of_record
TN:
SF:src\common\mocks\token.mock.ts
FNF:0
FNH:0
DA:3,0
DA:12,0
DA:14,0
DA:19,0
LF:4
LH:0
BRF:0
BRH:0
end_of_record
TN:
SF:src\common\mocks\vk-id.mock.ts
FN:14,(anonymous_0)
FNF:1
FNH:0
FNDA:0,(anonymous_0)
DA:3,0
DA:5,0
DA:14,0
DA:15,0
DA:18,0
LF:5
LH:0
BRF:0
BRH:0
end_of_record
TN:
SF:src\core\config\config.schema.ts
FNF:0
FNH:0
DA:1,9
DA:2,9
DA:7,9
DA:45,9
LF:4
LH:4
BRF:0
BRH:0
end_of_record
TN:
SF:src\core\config\config.service.ts
FN:14,(anonymous_2)
FN:24,(anonymous_3)
FN:31,(anonymous_4)
FN:38,(anonymous_5)
FN:45,(anonymous_6)
FN:52,(anonymous_7)
FNF:6
FNH:5
FNDA:4,(anonymous_2)
FNDA:8,(anonymous_3)
FNDA:1,(anonymous_4)
FNDA:1,(anonymous_5)
FNDA:1,(anonymous_6)
FNDA:0,(anonymous_7)
DA:1,9
DA:2,9
DA:10,9
DA:15,4
DA:25,8
DA:32,1
DA:39,1
DA:46,1
DA:53,0
LF:9
LH:8
BRDA:53,0,0,0
BRDA:53,0,1,0
BRF:2
BRH:0
end_of_record
TN:
SF:src\upload\upload.controller.ts
FN:43,(anonymous_4)
FN:55,(anonymous_5)
FN:74,(anonymous_6)
FN:101,(anonymous_7)
FNF:4
FNH:0
FNDA:0,(anonymous_4)
FNDA:0,(anonymous_5)
FNDA:0,(anonymous_6)
FNDA:0,(anonymous_7)
DA:1,1
DA:12,1
DA:15,1
DA:18,1
DA:19,1
DA:22,1
DA:25,1
DA:29,1
DA:32,1
DA:38,1
DA:43,0
DA:55,1
DA:60,0
DA:62,0
DA:74,1
DA:78,0
DA:80,0
DA:93,0
DA:102,0
DA:103,0
DA:106,0
LF:21
LH:12
BRDA:83,0,0,0
BRDA:83,0,1,0
BRDA:102,1,0,0
BRF:3
BRH:0
end_of_record
TN:
SF:src\upload\upload.repository.ts
FN:28,(anonymous_2)
FN:34,(anonymous_3)
FN:44,(anonymous_4)
FN:80,(anonymous_5)
FN:95,(anonymous_6)
FN:104,(anonymous_7)
FN:113,(anonymous_8)
FN:122,(anonymous_9)
FN:133,(anonymous_10)
FNF:9
FNH:0
FNDA:0,(anonymous_2)
FNDA:0,(anonymous_3)
FNDA:0,(anonymous_4)
FNDA:0,(anonymous_5)
FNDA:0,(anonymous_6)
FNDA:0,(anonymous_7)
FNDA:0,(anonymous_8)
FNDA:0,(anonymous_9)
FNDA:0,(anonymous_10)
DA:2,7
DA:3,7
DA:23,7
DA:28,0
DA:35,0
DA:48,0
DA:50,0
DA:87,0
DA:96,0
DA:105,0
DA:114,0
DA:125,0
DA:137,0
LF:13
LH:3
BRDA:51,0,0,0
BRDA:51,0,1,0
BRDA:53,1,0,0
BRDA:53,1,1,0
BRDA:54,2,0,0
BRDA:54,2,1,0
BRDA:55,3,0,0
BRDA:55,3,1,0
BRDA:56,4,0,0
BRDA:56,4,1,0
BRDA:57,5,0,0
BRDA:57,5,1,0
BRF:12
BRH:0
end_of_record
TN:
SF:src\upload\upload.resolver.ts
FN:32,(anonymous_4)
FN:42,(anonymous_5)
FN:61,(anonymous_6)
FN:100,(anonymous_7)
FN:121,(anonymous_8)
FN:140,(anonymous_9)
FN:154,(anonymous_10)
FN:41,(anonymous_11)
FN:43,(anonymous_12)
FN:60,(anonymous_13)
FN:62,(anonymous_14)
FN:63,(anonymous_15)
FN:65,(anonymous_16)
FN:99,(anonymous_17)
FN:101,(anonymous_18)
FN:103,(anonymous_19)
FN:120,(anonymous_20)
FN:122,(anonymous_21)
FN:139,(anonymous_22)
FN:141,(anonymous_23)
FN:142,(anonymous_24)
FN:26,(anonymous_25)
FNF:22
FNH:0
FNDA:0,(anonymous_4)
FNDA:0,(anonymous_5)
FNDA:0,(anonymous_6)
FNDA:0,(anonymous_7)
FNDA:0,(anonymous_8)
FNDA:0,(anonymous_9)
FNDA:0,(anonymous_10)
FNDA:0,(anonymous_11)
FNDA:0,(anonymous_12)
FNDA:0,(anonymous_13)
FNDA:0,(anonymous_14)
FNDA:0,(anonymous_15)
FNDA:0,(anonymous_16)
FNDA:0,(anonymous_17)
FNDA:0,(anonymous_18)
FNDA:0,(anonymous_19)
FNDA:0,(anonymous_20)
FNDA:0,(anonymous_21)
FNDA:0,(anonymous_22)
FNDA:0,(anonymous_23)
FNDA:0,(anonymous_24)
FNDA:0,(anonymous_25)
DA:1,0
DA:2,0
DA:4,0
DA:13,0
DA:14,0
DA:17,0
DA:21,0
DA:26,0
DA:27,0
DA:32,0
DA:41,0
DA:42,0
DA:43,0
DA:46,0
DA:48,0
DA:60,0
DA:61,0
DA:62,0
DA:63,0
DA:65,0
DA:71,0
DA:72,0
DA:73,0
DA:74,0
DA:79,0
DA:81,0
DA:88,0
DA:99,0
DA:100,0
DA:101,0
DA:103,0
DA:108,0
DA:110,0
DA:120,0
DA:121,0
DA:122,0
DA:127,0
DA:129,0
DA:139,0
DA:140,0
DA:141,0
DA:142,0
DA:144,0
DA:146,0
DA:155,0
DA:156,0
DA:159,0
LF:47
LH:0
BRDA:71,0,0,0
BRDA:71,1,0,0
BRDA:71,1,1,0
BRDA:73,2,0,0
BRDA:73,3,0,0
BRDA:73,3,1,0
BRDA:74,4,0,0
BRDA:75,5,0,0
BRDA:75,5,1,0
BRDA:75,5,2,0
BRDA:155,6,0,0
BRF:11
BRH:0
end_of_record
TN:
SF:src\upload\upload.service.ts
FN:88,(anonymous_4)
FN:104,(anonymous_5)
FN:130,(anonymous_6)
FN:156,(anonymous_7)
FN:206,(anonymous_8)
FN:233,(anonymous_9)
FN:268,(anonymous_10)
FN:325,(anonymous_11)
FN:398,(anonymous_12)
FN:446,(anonymous_13)
FN:449,(anonymous_14)
FN:460,(anonymous_15)
FN:467,(anonymous_16)
FN:503,(anonymous_17)
FN:513,(anonymous_18)
FN:530,(anonymous_19)
FN:534,(anonymous_20)
FN:539,(anonymous_21)
FN:550,(anonymous_22)
FN:559,(anonymous_23)
FN:578,(anonymous_24)
FNF:21
FNH:0
FNDA:0,(anonymous_4)
FNDA:0,(anonymous_5)
FNDA:0,(anonymous_6)
FNDA:0,(anonymous_7)
FNDA:0,(anonymous_8)
FNDA:0,(anonymous_9)
FNDA:0,(anonymous_10)
FNDA:0,(anonymous_11)
FNDA:0,(anonymous_12)
FNDA:0,(anonymous_13)
FNDA:0,(anonymous_14)
FNDA:0,(anonymous_15)
FNDA:0,(anonymous_16)
FNDA:0,(anonymous_17)
FNDA:0,(anonymous_18)
FNDA:0,(anonymous_19)
FNDA:0,(anonymous_20)
FNDA:0,(anonymous_21)
FNDA:0,(anonymous_22)
FNDA:0,(anonymous_23)
FNDA:0,(anonymous_24)
DA:1,7
DA:10,7
DA:11,7
DA:12,7
DA:14,7
DA:16,7
DA:19,7
DA:22,7
DA:25,7
DA:26,7
DA:27,7
DA:30,7
DA:40,7
DA:43,7
DA:52,7
DA:89,0
DA:90,0
DA:91,0
DA:92,0
DA:94,0
DA:95,0
DA:96,0
DA:97,0
DA:98,0
DA:105,0
DA:106,0
DA:108,0
DA:109,0
DA:113,0
DA:116,0
DA:117,0
DA:121,0
DA:133,0
DA:134,0
DA:142,0
DA:143,0
DA:145,0
DA:147,0
DA:163,0
DA:164,0
DA:169,0
DA:173,0
DA:178,0
DA:183,0
DA:184,0
DA:189,0
DA:190,0
DA:195,0
DA:211,0
DA:212,0
DA:213,0
DA:217,0
DA:218,0
DA:223,0
DA:237,0
DA:238,0
DA:241,0
DA:243,0
DA:245,0
DA:246,0
DA:249,0
DA:250,0
DA:254,0
DA:273,0
DA:275,0
DA:276,0
DA:280,0
DA:282,0
DA:283,0
DA:287,0
DA:289,0
DA:291,0
DA:292,0
DA:298,0
DA:303,0
DA:309,0
DA:333,0
DA:334,0
DA:335,0
DA:337,0
DA:342,0
DA:345,0
DA:348,0
DA:351,0
DA:354,0
DA:363,0
DA:366,0
DA:367,0
DA:375,0
DA:378,0
DA:385,0
DA:387,0
DA:390,0
DA:399,0
DA:401,0
DA:402,0
DA:406,0
DA:407,0
DA:411,0
DA:417,0
DA:418,0
DA:421,0
DA:435,0
DA:438,0
DA:447,0
DA:448,0
DA:449,0
DA:451,0
DA:466,0
DA:467,0
DA:471,0
DA:472,0
DA:492,0
DA:504,0
DA:517,0
DA:518,0
DA:520,0
DA:534,0
DA:535,0
DA:538,0
DA:539,0
DA:551,0
DA:560,0
DA:566,0
DA:567,0
DA:570,0
DA:582,0
DA:584,0
DA:585,0
DA:588,0
LF:130
LH:15
BRDA:108,0,0,0
BRDA:116,1,0,0
BRDA:142,2,0,0
BRDA:163,3,0,0
BRDA:163,3,1,0
BRDA:164,4,0,0
BRDA:165,5,0,0
BRDA:165,5,1,0
BRDA:165,5,2,0
BRDA:183,6,0,0
BRDA:211,7,0,0
BRDA:212,8,0,0
BRDA:212,9,0,0
BRDA:212,9,1,0
BRDA:237,10,0,0
BRDA:243,11,0,0
BRDA:245,12,0,0
BRDA:245,13,0,0
BRDA:245,13,1,0
BRDA:275,14,0,0
BRDA:282,15,0,0
BRDA:289,16,0,0
BRDA:305,17,0,0
BRDA:305,17,1,0
BRDA:330,18,0,0
BRDA:333,19,0,0
BRDA:333,20,0,0
BRDA:333,20,1,0
BRDA:358,21,0,0
BRDA:358,21,1,0
BRDA:359,22,0,0
BRDA:359,22,1,0
BRDA:382,23,0,0
BRDA:382,23,1,0
BRDA:385,24,0,0
BRDA:401,25,0,0
BRDA:406,26,0,0
BRDA:467,27,0,0
BRDA:467,27,1,0
BRDA:503,28,0,0
BRDA:504,29,0,0
BRDA:504,29,1,0
BRDA:534,30,0,0
BRDA:539,31,0,0
BRDA:539,31,1,0
BRDA:566,32,0,0
BRDA:584,33,0,0
BRF:47
BRH:0
end_of_record
TN:
SF:src\upload\dto\get-uploads.dto.ts
FNF:0
FNH:0
DA:3,0
DA:9,0
LF:2
LH:0
BRF:0
BRH:0
end_of_record
TN:
SF:src\upload\dto\put-file.dto.ts
FNF:0
FNH:0
DA:1,1
DA:9,1
DA:11,1
DA:16,1
DA:22,1
DA:29,1
DA:36,1
DA:43,1
LF:8
LH:8
BRF:0
BRH:0
end_of_record
TN:
SF:src\vk-id\vk-id.controller.ts
FN:47,(anonymous_4)
FN:59,(anonymous_5)
FN:96,(anonymous_6)
FN:115,(anonymous_7)
FNF:4
FNH:0
FNDA:0,(anonymous_4)
FNDA:0,(anonymous_5)
FNDA:0,(anonymous_6)
FNDA:0,(anonymous_7)
DA:1,0
DA:14,0
DA:18,0
DA:19,0
DA:22,0
DA:23,0
DA:26,0
DA:33,0
DA:34,0
DA:35,0
DA:41,0
DA:48,0
DA:49,0
DA:59,0
DA:63,0
DA:76,0
DA:78,0
DA:80,0
DA:81,0
DA:84,0
DA:96,0
DA:100,0
DA:105,0
DA:116,0
DA:117,0
DA:120,0
LF:26
LH:0
BRDA:80,0,0,0
BRDA:116,1,0,0
BRF:2
BRH:0
end_of_record
TN:
SF:src\vk-id\vk-id.service.ts
FN:39,(anonymous_2)
FN:56,(anonymous_3)
FN:66,(anonymous_4)
FN:80,(anonymous_5)
FN:89,(anonymous_6)
FNF:5
FNH:1
FNDA:1,(anonymous_2)
FNDA:0,(anonymous_3)
FNDA:0,(anonymous_4)
FNDA:0,(anonymous_5)
FNDA:0,(anonymous_6)
DA:1,1
DA:2,1
DA:3,1
DA:6,1
DA:19,1
DA:22,1
DA:28,1
DA:40,1
DA:41,1
DA:43,1
DA:62,0
DA:64,0
DA:66,0
DA:68,0
DA:69,0
DA:71,0
DA:83,0
DA:85,0
DA:89,0
DA:91,0
DA:92,0
DA:94,0
LF:22
LH:10
BRDA:68,0,0,0
BRDA:68,0,1,0
BRDA:91,1,0,0
BRDA:91,1,1,0
BRF:4
BRH:0
end_of_record
